{"D:\\YouMe\\Haenam\\Haenam\\client\\src\\App.vue": {"path":"D:\\YouMe\\Haenam\\Haenam\\client\\src\\App.vue","statementMap":{"0":{"start":{"line":5,"column":6},"end":{"line":5,"column":45}},"1":{"start":{"line":9,"column":19},"end":{"line":9,"column":87}},"2":{"start":{"line":10,"column":17},"end":{"line":10,"column":41}},"3":{"start":{"line":11,"column":4},"end":{"line":11,"column":34}},"4":{"start":{"line":14,"column":0},"end":{"line":14,"column":13}},"5":{"start":{"line":16,"column":0},"end":{"line":18,"column":3}},"6":{"start":{"line":19,"column":0},"end":{"line":19,"column":24}},"7":{"start":{"line":20,"column":11},"end":{"line":20,"column":25}},"8":{"start":{"line":22,"column":33},"end":{"line":22,"column":74}},"9":{"start":{"line":23,"column":2},"end":{"line":28,"column":69}},"10":{"start":{"line":29,"column":2},"end":{"line":29,"column":49}}},"fnMap":{"0":{"name":"(anonymous_0)","decl":{"start":{"line":4,"column":4},"end":{"line":4,"column":5}},"loc":{"start":{"line":4,"column":17},"end":{"line":6,"column":5}},"line":4},"1":{"name":"(anonymous_1)","decl":{"start":{"line":8,"column":2},"end":{"line":8,"column":3}},"loc":{"start":{"line":8,"column":12},"end":{"line":12,"column":3}},"line":8},"2":{"name":"render","decl":{"start":{"line":21,"column":9},"end":{"line":21,"column":15}},"loc":{"start":{"line":21,"column":30},"end":{"line":29,"column":1}},"line":21}},"branchMap":{"0":{"loc":{"start":{"line":9,"column":19},"end":{"line":9,"column":87}},"type":"binary-expr","locations":[{"start":{"line":9,"column":19},"end":{"line":9,"column":50}},{"start":{"line":9,"column":54},"end":{"line":9,"column":87}}],"line":9},"1":{"loc":{"start":{"line":10,"column":17},"end":{"line":10,"column":41}},"type":"cond-expr","locations":[{"start":{"line":10,"column":26},"end":{"line":10,"column":32}},{"start":{"line":10,"column":35},"end":{"line":10,"column":41}}],"line":10}},"s":{"0":0,"1":0,"2":0,"3":0,"4":0,"5":0,"6":0,"7":0,"8":0,"9":0,"10":0},"f":{"0":0,"1":0,"2":0},"b":{"0":[0,0],"1":[0,0]},"inputSourceMap":{"0":"{","1":"\"","2":"v","3":"e","4":"r","5":"s","6":"i","7":"o","8":"n","9":"\"","10":":","11":"3","12":",","13":"\"","14":"s","15":"o","16":"u","17":"r","18":"c","19":"e","20":"s","21":"\"","22":":","23":"[","24":"\"","25":"D","26":":","27":"\\","28":"\\","29":"Y","30":"o","31":"u","32":"M","33":"e","34":"\\","35":"\\","36":"H","37":"a","38":"e","39":"n","40":"a","41":"m","42":"\\","43":"\\","44":"H","45":"a","46":"e","47":"n","48":"a","49":"m","50":"\\","51":"\\","52":"c","53":"l","54":"i","55":"e","56":"n","57":"t","58":"\\","59":"\\","60":"s","61":"r","62":"c","63":"\\","64":"\\","65":"A","66":"p","67":"p","68":".","69":"v","70":"u","71":"e","72":"\"","73":"]","74":",","75":"\"","76":"n","77":"a","78":"m","79":"e","80":"s","81":"\"","82":":","83":"[","84":"]","85":",","86":"\"","87":"m","88":"a","89":"p","90":"p","91":"i","92":"n","93":"g","94":"s","95":"\"","96":":","97":"\"","98":"A","99":"A","100":"O","101":"A","102":",","103":"e","104":"A","105":"A","106":"e","107":";","108":"E","109":"A","110":"C","111":"X","112":",","113":"I","114":"A","115":"A","116":"I","117":",","118":"E","119":"A","120":"A","121":"E","122":",","123":"K","124":"A","125":"A","126":"K","127":";","128":"E","129":"A","130":"C","131":"X","132":",","133":"Q","134":"A","135":"A","136":"Q","137":",","138":"E","139":"A","140":"A","141":"E","142":";","143":"I","144":"A","145":"C","146":"N","147":",","148":"U","149":"A","150":"A","151":"U","152":",","153":"G","154":"A","155":"A","156":"G","157":";","158":"M","159":"A","160":"C","161":"T","162":",","163":"O","164":"A","165":"A","166":"O","167":",","168":"I","169":"A","170":"A","171":"I","172":",","173":"C","174":"A","175":"A","176":"C","177":",","178":"M","179":"A","180":"A","181":"M","182":",","183":"C","184":"A","185":"A","186":"C","187":",","188":"I","189":"A","190":"A","191":"I","192":",","193":"K","194":"A","195":"A","196":"K","197":",","198":"U","199":"A","200":"A","201":"U","202":";","203":"I","204":"A","205":"C","206":"1","207":"C","208":";","209":"E","210":"A","211":"C","212":"J","213":",","214":"C","215":"A","216":"A","217":"C","218":";","219":"E","220":"A","221":"C","222":"D","223":",","224":"O","225":"A","226":"A","227":"O","228":",","229":"G","230":"A","231":"A","232":"G","233":";","234":"I","235":"A","236":"C","237":"N","238":",","239":"M","240":"A","241":"A","242":"M","243":",","244":"M","245":"A","246":"A","247":"M","248":",","249":"G","250":"A","251":"C","252":"R","253":",","254":"Y","255":"A","256":"A","257":"Y","258":",","259":"C","260":"A","261":"A","262":"C","263":",","264":"O","265":"A","266":"A","267":"O","268":",","269":"C","270":"A","271":"A","272":"C","273":",","274":"S","275":"A","276":"A","277":"S","278":",","279":"C","280":"A","281":"A","282":"C","283":",","284":"I","285":"A","286":"C","287":"/","288":"B","289":",","290":"c","291":"A","292":"A","293":"c","294":",","295":"C","296":"A","297":"A","298":"C","299":",","300":"O","301":"A","302":"A","303":"O","304":",","305":"C","306":"A","307":"A","308":"C","309":",","310":"S","311":"A","312":"A","313":"S","314":",","315":"C","316":"A","317":"A","318":"C","319":";","320":"I","321":"A","322":"E","323":"r","324":"C","325":",","326":"M","327":"A","328":"A","329":"M","330":",","331":"I","332":"A","333":"A","334":"I","335":",","336":"G","337":"A","338":"A","339":"G","340":",","341":"M","342":"A","343":"A","344":"M","345":",","346":"G","347":"A","348":"A","349":"G","350":",","351":"M","352":"A","353":"A","354":"M","355":",","356":"G","357":"A","358":"A","359":"G","360":",","361":"M","362":"A","363":"A","364":"M","365":";","366":"I","367":"A","368":"C","369":"r","370":"C","371":",","372":"I","373":"A","374":"A","375":"I","376":",","377":"C","378":"A","379":"A","380":"C","381":",","382":"O","383":"A","384":"A","385":"O","386":",","387":"C","388":"A","389":"A","390":"C","391":",","392":"I","393":"A","394":"A","395":"I","396":",","397":"C","398":"A","399":"A","400":"E","401":",","402":"I","403":"A","404":"A","405":"G","406":",","407":"I","408":"A","409":"A","410":"K","411":",","412":"E","413":"A","414":"A","415":"C","416":",","417":"C","418":"A","419":"A","420":"C","421":";","422":"E","423":"A","424":"C","425":"j","426":"C","427":";","428":"A","429":"A","430":"C","431":"J","432":",","433":"C","434":"A","435":"A","436":"C","437":"\"","438":",","439":"\"","440":"f","441":"i","442":"l","443":"e","444":"\"","445":":","446":"\"","447":"D","448":":","449":"\\","450":"\\","451":"Y","452":"o","453":"u","454":"M","455":"e","456":"\\","457":"\\","458":"H","459":"a","460":"e","461":"n","462":"a","463":"m","464":"\\","465":"\\","466":"H","467":"a","468":"e","469":"n","470":"a","471":"m","472":"\\","473":"\\","474":"c","475":"l","476":"i","477":"e","478":"n","479":"t","480":"\\","481":"\\","482":"s","483":"r","484":"c","485":"\\","486":"\\","487":"A","488":"p","489":"p","490":".","491":"v","492":"u","493":"e","494":"\"","495":",","496":"\"","497":"s","498":"o","499":"u","500":"r","501":"c","502":"e","503":"s","504":"C","505":"o","506":"n","507":"t","508":"e","509":"n","510":"t","511":"\"","512":":","513":"[","514":"\"","515":"<","516":"t","517":"e","518":"m","519":"p","520":"l","521":"a","522":"t","523":"e","524":">","525":"\\","526":"r","527":"\\","528":"n","529":" ","530":" ","531":" ","532":" ","533":"<","534":"d","535":"i","536":"v","537":" ","538":"i","539":"d","540":"=","541":"\\","542":"\"","543":"w","544":"r","545":"a","546":"p","547":"p","548":"e","549":"r","550":"\\","551":"\"","552":" ","553":":","554":"c","555":"l","556":"a","557":"s","558":"s","559":"=","560":"\\","561":"\"","562":"{","563":" ","564":"o","565":"n","566":":","567":" ","568":"i","569":"s","570":"A","571":"u","572":"t","573":"h","574":"V","575":"i","576":"e","577":"w","578":" ","579":"}","580":"\\","581":"\"","582":">","583":"\\","584":"r","585":"\\","586":"n","587":" ","588":" ","589":" ","590":" ","591":" ","592":" ","593":" ","594":" ","595":"<","596":"r","597":"o","598":"u","599":"t","600":"e","601":"r","602":"-","603":"v","604":"i","605":"e","606":"w","607":">","608":"<","609":"/","610":"r","611":"o","612":"u","613":"t","614":"e","615":"r","616":"-","617":"v","618":"i","619":"e","620":"w","621":">","622":"\\","623":"r","624":"\\","625":"n","626":" ","627":" ","628":" ","629":" ","630":"<","631":"/","632":"d","633":"i","634":"v","635":">","636":"\\","637":"r","638":"\\","639":"n","640":"<","641":"/","642":"t","643":"e","644":"m","645":"p","646":"l","647":"a","648":"t","649":"e","650":">","651":"\\","652":"r","653":"\\","654":"n","655":"\\","656":"r","657":"\\","658":"n","659":"<","660":"s","661":"c","662":"r","663":"i","664":"p","665":"t","666":">","667":"\\","668":"r","669":"\\","670":"n","671":"e","672":"x","673":"p","674":"o","675":"r","676":"t","677":" ","678":"d","679":"e","680":"f","681":"a","682":"u","683":"l","684":"t","685":" ","686":"{","687":"\\","688":"r","689":"\\","690":"n","691":" ","692":" ","693":" ","694":" ","695":"n","696":"a","697":"m","698":"e","699":":","700":" ","701":"\\","702":"\"","703":"A","704":"p","705":"p","706":"\\","707":"\"","708":",","709":"\\","710":"r","711":"\\","712":"n","713":" ","714":" ","715":" ","716":" ","717":"c","718":"o","719":"m","720":"p","721":"u","722":"t","723":"e","724":"d","725":":","726":" ","727":"{","728":"\\","729":"r","730":"\\","731":"n","732":" ","733":" ","734":" ","735":" ","736":" ","737":" ","738":" ","739":" ","740":"i","741":"s","742":"A","743":"u","744":"t","745":"h","746":"V","747":"i","748":"e","749":"w","750":"(","751":")","752":" ","753":"{","754":"\\","755":"r","756":"\\","757":"n","758":" ","759":" ","760":" ","761":" ","762":" ","763":" ","764":" ","765":" ","766":" ","767":" ","768":" ","769":" ","770":"r","771":"e","772":"t","773":"u","774":"r","775":"n","776":" ","777":"t","778":"h","779":"i","780":"s","781":".","782":"$","783":"r","784":"o","785":"u","786":"t","787":"e","788":".","789":"n","790":"a","791":"m","792":"e","793":" ","794":"=","795":"=","796":"=","797":" ","798":"\\","799":"\"","800":"A","801":"u","802":"t","803":"h","804":"V","805":"i","806":"e","807":"w","808":"\\","809":"\"","810":";","811":"\\","812":"r","813":"\\","814":"n","815":" ","816":" ","817":" ","818":" ","819":" ","820":" ","821":" ","822":" ","823":"}","824":",","825":"\\","826":"r","827":"\\","828":"n","829":" ","830":" ","831":" ","832":" ","833":"}","834":",","835":"\\","836":"r","837":"\\","838":"n","839":" ","840":" ","841":" ","842":" ","843":"c","844":"r","845":"e","846":"a","847":"t","848":"e","849":"d","850":"(","851":")","852":" ","853":"{","854":"\\","855":"r","856":"\\","857":"n","858":" ","859":" ","860":" ","861":" ","862":" ","863":" ","864":" ","865":" ","866":"c","867":"o","868":"n","869":"s","870":"t","871":" ","872":"u","873":"s","874":"e","875":"r","876":"I","877":"d","878":" ","879":"=","880":"\\","881":"r","882":"\\","883":"n","884":" ","885":" ","886":" ","887":" ","888":" ","889":" ","890":" ","891":" ","892":" ","893":" ","894":" ","895":" ","896":"l","897":"o","898":"c","899":"a","900":"l","901":"S","902":"t","903":"o","904":"r","905":"a","906":"g","907":"e","908":".","909":"g","910":"e","911":"t","912":"I","913":"t","914":"e","915":"m","916":"(","917":"\\","918":"\"","919":"u","920":"s","921":"e","922":"r","923":"_","924":"i","925":"d","926":"\\","927":"\"","928":")","929":" ","930":"|","931":"|","932":"\\","933":"r","934":"\\","935":"n","936":" ","937":" ","938":" ","939":" ","940":" ","941":" ","942":" ","943":" ","944":" ","945":" ","946":" ","947":" ","948":"s","949":"e","950":"s","951":"s","952":"i","953":"o","954":"n","955":"S","956":"t","957":"o","958":"r","959":"a","960":"g","961":"e","962":".","963":"g","964":"e","965":"t","966":"I","967":"t","968":"e","969":"m","970":"(","971":"\\","972":"\"","973":"u","974":"s","975":"e","976":"r","977":"_","978":"i","979":"d","980":"\\","981":"\"","982":")","983":";","984":"\\","985":"r","986":"\\","987":"n","988":"\\","989":"r","990":"\\","991":"n","992":" ","993":" ","994":" ","995":" ","996":" ","997":" ","998":" ","999":" ","1000":"c","1001":"o","1002":"n","1003":"s","1004":"t","1005":" ","1006":"p","1007":"a","1008":"t","1009":"h","1010":" ","1011":"=","1012":" ","1013":"u","1014":"s","1015":"e","1016":"r","1017":"I","1018":"d","1019":" ","1020":"?","1021":" ","1022":"\\","1023":"\"","1024":"m","1025":"a","1026":"i","1027":"n","1028":"\\","1029":"\"","1030":" ","1031":":","1032":" ","1033":"\\","1034":"\"","1035":"a","1036":"u","1037":"t","1038":"h","1039":"\\","1040":"\"","1041":";","1042":"\\","1043":"r","1044":"\\","1045":"n","1046":" ","1047":" ","1048":" ","1049":" ","1050":" ","1051":" ","1052":" ","1053":" ","1054":"t","1055":"h","1056":"i","1057":"s","1058":".","1059":"$","1060":"r","1061":"o","1062":"u","1063":"t","1064":"e","1065":"r","1066":".","1067":"p","1068":"u","1069":"s","1070":"h","1071":"(","1072":"`","1073":"/","1074":"$","1075":"{","1076":"p","1077":"a","1078":"t","1079":"h","1080":"}","1081":"`","1082":")","1083":";","1084":"\\","1085":"r","1086":"\\","1087":"n","1088":" ","1089":" ","1090":" ","1091":" ","1092":"}","1093":",","1094":"\\","1095":"r","1096":"\\","1097":"n","1098":"}","1099":";","1100":"\\","1101":"r","1102":"\\","1103":"n","1104":"<","1105":"/","1106":"s","1107":"c","1108":"r","1109":"i","1110":"p","1111":"t","1112":">","1113":"\\","1114":"r","1115":"\\","1116":"n","1117":"\\","1118":"r","1119":"\\","1120":"n","1121":"<","1122":"s","1123":"t","1124":"y","1125":"l","1126":"e","1127":">","1128":"<","1129":"/","1130":"s","1131":"t","1132":"y","1133":"l","1134":"e","1135":">","1136":"\\","1137":"r","1138":"\\","1139":"n","1140":"\"","1141":"]","1142":"}"}}
,"D:\\YouMe\\Haenam\\Haenam\\client\\src\\main.js": {"path":"D:\\YouMe\\Haenam\\Haenam\\client\\src\\main.js","statementMap":{"0":{"start":{"line":8,"column":12},"end":{"line":8,"column":26}},"1":{"start":{"line":9,"column":0},"end":{"line":9,"column":15}},"2":{"start":{"line":10,"column":0},"end":{"line":10,"column":16}},"3":{"start":{"line":11,"column":0},"end":{"line":11,"column":23}},"4":{"start":{"line":12,"column":0},"end":{"line":12,"column":18}}},"fnMap":{},"branchMap":{},"s":{"0":0,"1":0,"2":0,"3":0,"4":0},"f":{},"b":{}}
,"D:\\YouMe\\Haenam\\Haenam\\client\\src\\api\\auth.js": {"path":"D:\\YouMe\\Haenam\\Haenam\\client\\src\\api\\auth.js","statementMap":{"0":{"start":{"line":4,"column":4},"end":{"line":4,"column":44}},"1":{"start":{"line":7,"column":4},"end":{"line":7,"column":47}}},"fnMap":{"0":{"name":"login","decl":{"start":{"line":3,"column":9},"end":{"line":3,"column":14}},"loc":{"start":{"line":3,"column":21},"end":{"line":5,"column":1}},"line":3},"1":{"name":"register","decl":{"start":{"line":6,"column":9},"end":{"line":6,"column":17}},"loc":{"start":{"line":6,"column":24},"end":{"line":8,"column":1}},"line":6}},"branchMap":{},"s":{"0":0,"1":0},"f":{"0":0,"1":0},"b":{},"_coverageSchema":"1a1c01bbd47fc00a2c39e90264f33305004495a9","hash":"0b2920a5c0aa41d50810aa271aed5658aecd555f"}
,"D:\\YouMe\\Haenam\\Haenam\\client\\src\\api\\index.js": {"path":"D:\\YouMe\\Haenam\\Haenam\\client\\src\\api\\index.js","statementMap":{"0":{"start":{"line":5,"column":21},"end":{"line":5,"column":75}},"1":{"start":{"line":6,"column":4},"end":{"line":6,"column":30}},"2":{"start":{"line":7,"column":4},"end":{"line":7,"column":20}},"3":{"start":{"line":9,"column":16},"end":{"line":9,"column":56}},"4":{"start":{"line":10,"column":27},"end":{"line":10,"column":42}}},"fnMap":{"0":{"name":"create","decl":{"start":{"line":4,"column":9},"end":{"line":4,"column":15}},"loc":{"start":{"line":4,"column":30},"end":{"line":8,"column":1}},"line":4}},"branchMap":{},"s":{"0":1,"1":1,"2":1,"3":1,"4":1},"f":{"0":1},"b":{},"_coverageSchema":"1a1c01bbd47fc00a2c39e90264f33305004495a9","hash":"5421e5863190866a96c0ce27e52fcec855e6e38b"}
,"D:\\YouMe\\Haenam\\Haenam\\client\\src\\api\\journal.js": {"path":"D:\\YouMe\\Haenam\\Haenam\\client\\src\\api\\journal.js","statementMap":{"0":{"start":{"line":2,"column":13},"end":{"line":2,"column":23}},"1":{"start":{"line":5,"column":4},"end":{"line":5,"column":45}},"2":{"start":{"line":8,"column":4},"end":{"line":8,"column":40}},"3":{"start":{"line":11,"column":4},"end":{"line":11,"column":39}},"4":{"start":{"line":14,"column":4},"end":{"line":14,"column":47}}},"fnMap":{"0":{"name":"get","decl":{"start":{"line":4,"column":9},"end":{"line":4,"column":12}},"loc":{"start":{"line":4,"column":21},"end":{"line":6,"column":1}},"line":4},"1":{"name":"add","decl":{"start":{"line":7,"column":9},"end":{"line":7,"column":12}},"loc":{"start":{"line":7,"column":19},"end":{"line":9,"column":1}},"line":7},"2":{"name":"edit","decl":{"start":{"line":10,"column":9},"end":{"line":10,"column":13}},"loc":{"start":{"line":10,"column":20},"end":{"line":12,"column":1}},"line":10},"3":{"name":"remove","decl":{"start":{"line":13,"column":9},"end":{"line":13,"column":15}},"loc":{"start":{"line":13,"column":20},"end":{"line":15,"column":1}},"line":13}},"branchMap":{},"s":{"0":0,"1":0,"2":0,"3":0,"4":0},"f":{"0":0,"1":0,"2":0,"3":0},"b":{}}
,"D:\\YouMe\\Haenam\\Haenam\\client\\src\\api\\config\\interceptors.js": {"path":"D:\\YouMe\\Haenam\\Haenam\\client\\src\\api\\config\\interceptors.js","statementMap":{"0":{"start":{"line":2,"column":4},"end":{"line":8,"column":6}},"1":{"start":{"line":4,"column":12},"end":{"line":4,"column":64}},"2":{"start":{"line":5,"column":12},"end":{"line":5,"column":26}},"3":{"start":{"line":7,"column":19},"end":{"line":7,"column":49}},"4":{"start":{"line":9,"column":4},"end":{"line":12,"column":6}},"5":{"start":{"line":10,"column":20},"end":{"line":10,"column":26}},"6":{"start":{"line":11,"column":19},"end":{"line":11,"column":49}},"7":{"start":{"line":13,"column":4},"end":{"line":13,"column":20}}},"fnMap":{"0":{"name":"setInterceptors","decl":{"start":{"line":1,"column":9},"end":{"line":1,"column":24}},"loc":{"start":{"line":1,"column":35},"end":{"line":14,"column":1}},"line":1},"1":{"name":"(anonymous_1)","decl":{"start":{"line":3,"column":8},"end":{"line":3,"column":9}},"loc":{"start":{"line":3,"column":20},"end":{"line":6,"column":9}},"line":3},"2":{"name":"(anonymous_2)","decl":{"start":{"line":7,"column":8},"end":{"line":7,"column":9}},"loc":{"start":{"line":7,"column":19},"end":{"line":7,"column":49}},"line":7},"3":{"name":"(anonymous_3)","decl":{"start":{"line":10,"column":8},"end":{"line":10,"column":9}},"loc":{"start":{"line":10,"column":20},"end":{"line":10,"column":26}},"line":10},"4":{"name":"(anonymous_4)","decl":{"start":{"line":11,"column":8},"end":{"line":11,"column":9}},"loc":{"start":{"line":11,"column":19},"end":{"line":11,"column":49}},"line":11}},"branchMap":{},"s":{"0":1,"1":0,"2":0,"3":0,"4":1,"5":0,"6":0,"7":1},"f":{"0":1,"1":0,"2":0,"3":0,"4":0},"b":{},"_coverageSchema":"1a1c01bbd47fc00a2c39e90264f33305004495a9","hash":"c7a65dbfc2889bf9652093d1801bd3caca6434ac"}
,"D:\\YouMe\\Haenam\\Haenam\\client\\src\\components\\auth\\LoginForm.vue": {"path":"D:\\YouMe\\Haenam\\Haenam\\client\\src\\components\\auth\\LoginForm.vue","statementMap":{"0":{"start":{"line":4,"column":0},"end":{"line":6,"column":3}},"1":{"start":{"line":7,"column":0},"end":{"line":7,"column":25}},"2":{"start":{"line":15,"column":15},"end":{"line":60,"column":1}},"3":{"start":{"line":17,"column":4},"end":{"line":21,"column":6}},"4":{"start":{"line":32,"column":6},"end":{"line":57,"column":7}},"5":{"start":{"line":35,"column":12},"end":{"line":43,"column":9}},"6":{"start":{"line":44,"column":8},"end":{"line":48,"column":9}},"7":{"start":{"line":45,"column":10},"end":{"line":45,"column":56}},"8":{"start":{"line":47,"column":10},"end":{"line":47,"column":58}},"9":{"start":{"line":49,"column":8},"end":{"line":49,"column":24}},"10":{"start":{"line":50,"column":8},"end":{"line":50,"column":35}},"11":{"start":{"line":52,"column":8},"end":{"line":56,"column":9}},"12":{"start":{"line":53,"column":10},"end":{"line":53,"column":47}},"13":{"start":{"line":55,"column":10},"end":{"line":55,"column":29}},"14":{"start":{"line":63,"column":0},"end":{"line":63,"column":13}},"15":{"start":{"line":65,"column":0},"end":{"line":67,"column":3}},"16":{"start":{"line":68,"column":0},"end":{"line":68,"column":24}},"17":{"start":{"line":69,"column":11},"end":{"line":69,"column":25}},"18":{"start":{"line":70,"column":19},"end":{"line":72,"column":1}},"19":{"start":{"line":73,"column":19},"end":{"line":75,"column":1}},"20":{"start":{"line":76,"column":32},"end":{"line":78,"column":27}},"21":{"start":{"line":79,"column":19},"end":{"line":81,"column":1}},"22":{"start":{"line":82,"column":32},"end":{"line":84,"column":28}},"23":{"start":{"line":85,"column":19},"end":{"line":87,"column":1}},"24":{"start":{"line":88,"column":32},"end":{"line":90,"column":33}},"25":{"start":{"line":93,"column":2},"end":{"line":109,"column":14}},"26":{"start":{"line":96,"column":63},"end":{"line":96,"column":79}},"27":{"start":{"line":100,"column":63},"end":{"line":100,"column":79}},"28":{"start":{"line":104,"column":63},"end":{"line":104,"column":89}},"29":{"start":{"line":107,"column":6},"end":{"line":107,"column":52}},"30":{"start":{"line":110,"column":2},"end":{"line":110,"column":49}}},"fnMap":{"0":{"name":"(anonymous_0)","decl":{"start":{"line":16,"column":2},"end":{"line":16,"column":3}},"loc":{"start":{"line":16,"column":9},"end":{"line":22,"column":3}},"line":16},"1":{"name":"(anonymous_1)","decl":{"start":{"line":31,"column":4},"end":{"line":31,"column":5}},"loc":{"start":{"line":31,"column":18},"end":{"line":58,"column":5}},"line":31},"2":{"name":"render","decl":{"start":{"line":92,"column":9},"end":{"line":92,"column":15}},"loc":{"start":{"line":92,"column":30},"end":{"line":110,"column":1}},"line":92},"3":{"name":"(anonymous_3)","decl":{"start":{"line":96,"column":53},"end":{"line":96,"column":54}},"loc":{"start":{"line":96,"column":63},"end":{"line":96,"column":79}},"line":96},"4":{"name":"(anonymous_4)","decl":{"start":{"line":100,"column":53},"end":{"line":100,"column":54}},"loc":{"start":{"line":100,"column":63},"end":{"line":100,"column":79}},"line":100},"5":{"name":"(anonymous_5)","decl":{"start":{"line":104,"column":53},"end":{"line":104,"column":54}},"loc":{"start":{"line":104,"column":63},"end":{"line":104,"column":89}},"line":104},"6":{"name":"(anonymous_6)","decl":{"start":{"line":106,"column":39},"end":{"line":106,"column":40}},"loc":{"start":{"line":106,"column":51},"end":{"line":108,"column":5}},"line":106}},"branchMap":{"0":{"loc":{"start":{"line":44,"column":8},"end":{"line":48,"column":9}},"type":"if","locations":[{"start":{"line":44,"column":8},"end":{"line":48,"column":9}},{"start":{"line":46,"column":15},"end":{"line":48,"column":9}}],"line":44},"1":{"loc":{"start":{"line":52,"column":8},"end":{"line":56,"column":9}},"type":"if","locations":[{"start":{"line":52,"column":8},"end":{"line":56,"column":9}},{"start":{"line":54,"column":15},"end":{"line":56,"column":9}}],"line":52},"2":{"loc":{"start":{"line":96,"column":27},"end":{"line":96,"column":80}},"type":"binary-expr","locations":[{"start":{"line":96,"column":27},"end":{"line":96,"column":36}},{"start":{"line":96,"column":41},"end":{"line":96,"column":79}}],"line":96},"3":{"loc":{"start":{"line":100,"column":27},"end":{"line":100,"column":80}},"type":"binary-expr","locations":[{"start":{"line":100,"column":27},"end":{"line":100,"column":36}},{"start":{"line":100,"column":41},"end":{"line":100,"column":79}}],"line":100},"4":{"loc":{"start":{"line":104,"column":27},"end":{"line":104,"column":90}},"type":"binary-expr","locations":[{"start":{"line":104,"column":27},"end":{"line":104,"column":36}},{"start":{"line":104,"column":41},"end":{"line":104,"column":89}}],"line":104},"5":{"loc":{"start":{"line":106,"column":13},"end":{"line":108,"column":6}},"type":"binary-expr","locations":[{"start":{"line":106,"column":13},"end":{"line":106,"column":22}},{"start":{"line":106,"column":27},"end":{"line":108,"column":5}}],"line":106},"6":{"loc":{"start":{"line":107,"column":13},"end":{"line":107,"column":51}},"type":"binary-expr","locations":[{"start":{"line":107,"column":13},"end":{"line":107,"column":23}},{"start":{"line":107,"column":27},"end":{"line":107,"column":51}}],"line":107}},"s":{"0":1,"1":1,"2":1,"3":1,"4":0,"5":0,"6":0,"7":0,"8":0,"9":0,"10":0,"11":0,"12":0,"13":0,"14":1,"15":1,"16":1,"17":1,"18":1,"19":1,"20":1,"21":1,"22":1,"23":1,"24":1,"25":1,"26":0,"27":0,"28":0,"29":0,"30":1},"f":{"0":1,"1":0,"2":1,"3":0,"4":0,"5":0,"6":0},"b":{"0":[0,0],"1":[0,0],"2":[1,1],"3":[1,1],"4":[1,1],"5":[1,1],"6":[0,0]},"inputSourceMap":{"0":"{","1":"\"","2":"v","3":"e","4":"r","5":"s","6":"i","7":"o","8":"n","9":"\"","10":":","11":"3","12":",","13":"\"","14":"s","15":"o","16":"u","17":"r","18":"c","19":"e","20":"s","21":"\"","22":":","23":"[","24":"\"","25":"D","26":":","27":"\\","28":"\\","29":"Y","30":"o","31":"u","32":"M","33":"e","34":"\\","35":"\\","36":"H","37":"a","38":"e","39":"n","40":"a","41":"m","42":"\\","43":"\\","44":"H","45":"a","46":"e","47":"n","48":"a","49":"m","50":"\\","51":"\\","52":"c","53":"l","54":"i","55":"e","56":"n","57":"t","58":"\\","59":"\\","60":"s","61":"r","62":"c","63":"\\","64":"\\","65":"c","66":"o","67":"m","68":"p","69":"o","70":"n","71":"e","72":"n","73":"t","74":"s","75":"\\","76":"\\","77":"a","78":"u","79":"t","80":"h","81":"\\","82":"\\","83":"L","84":"o","85":"g","86":"i","87":"n","88":"F","89":"o","90":"r","91":"m","92":".","93":"v","94":"u","95":"e","96":"\"","97":"]","98":",","99":"\"","100":"n","101":"a","102":"m","103":"e","104":"s","105":"\"","106":":","107":"[","108":"]","109":",","110":"\"","111":"m","112":"a","113":"p","114":"p","115":"i","116":"n","117":"g","118":"s","119":"\"","120":":","121":"\"","122":";","123":";","124":";","125":";","126":";","127":";","128":";","129":"A","130":"A","131":"m","132":"B","133":"A","134":";","135":"A","136":"A","137":"A","138":"A","139":";","140":"A","141":"A","142":"A","143":"A","144":";","145":"A","146":"A","147":"C","148":"A","149":";","150":"A","151":"A","152":"A","153":"A","154":";","155":"A","156":"A","157":"A","158":"A","159":";","160":"A","161":"A","162":"A","163":"i","164":"C","165":";","166":"A","167":"A","168":"A","169":"A","170":",","171":"e","172":"A","173":"C","174":"l","175":"B","176":";","177":"E","178":"A","179":"C","180":"X","181":",","182":"I","183":"A","184":"A","185":"I","186":",","187":"G","188":"A","189":"A","190":"G","191":";","192":"I","193":"A","194":"C","195":"H","196":",","197":"O","198":"A","199":"A","200":"O","201":";","202":"M","203":"A","204":"C","205":"H","206":",","207":"E","208":"A","209":"A","210":"E","211":",","212":"E","213":"A","214":"A","215":"E","216":",","217":"E","218":"A","219":"A","220":"E","221":";","222":"M","223":"A","224":"C","225":"N","226":",","227":"E","228":"A","229":"A","230":"E","231":",","232":"E","233":"A","234":"A","235":"E","236":",","237":"E","238":"A","239":"A","240":"E","241":";","242":"M","243":"A","244":"C","245":"N","246":",","247":"Y","248":"A","249":"A","250":"Y","251":",","252":"E","253":"A","254":"A","255":"E","256":";","257":"I","258":"A","259":"C","260":"l","261":"B","262":",","263":"C","264":"A","265":"A","266":"C","267":";","268":"E","269":"A","270":"C","271":"L","272":",","273":"C","274":"A","275":"A","276":"C","277":";","278":"E","279":"A","280":"C","281":"D","282":",","283":"O","284":"A","285":"A","286":"O","287":",","288":"E","289":"A","290":"A","291":"E","292":";","293":"I","294":"A","295":"C","296":"L","297":";","298":"I","299":"A","300":"A","301":"G","302":";","303":"I","304":"A","305":"A","306":"A","307":";","308":"I","309":"A","310":"A","311":"A","312":";","313":"I","314":"A","315":"A","316":"A","317":";","318":"I","319":"A","320":"A","321":"A","322":";","323":"I","324":"A","325":"A","326":"A","327":",","328":"Y","329":"A","330":"A","331":"Y","332":",","333":"E","334":"A","335":"A","336":"C","337":",","338":"C","339":"A","340":"A","341":"C","342":",","343":"a","344":"A","345":"A","346":"a","347":",","348":"C","349":"A","350":"A","351":"C","352":",","353":"C","354":"A","355":"A","356":"C","357":";","358":"I","359":"A","360":"C","361":"h","362":"C","363":",","364":"M","365":"A","366":"A","367":"M","368":",","369":"K","370":"A","371":"A","372":"K","373":",","374":"G","375":"A","376":"A","377":"G","378":";","379":"M","380":"A","381":"C","382":"V","383":",","384":"I","385":"A","386":"A","387":"I","388":";","389":"Q","390":"A","391":"C","392":"A","393":",","394":"M","395":"A","396":"A","397":"M","398":";","399":"U","400":"A","401":"A","402":"E","403":";","404":"Q","405":"A","406":"A","407":"K","408":",","409":"C","410":"A","411":"A","412":"C","413":",","414":"G","415":"A","416":"A","417":"G","418":",","419":"M","420":"A","421":"A","422":"M","423":";","424":"U","425":"A","426":"A","427":"A","428":";","429":"U","430":"A","431":"A","432":"A","433":";","434":"U","435":"A","436":"A","437":"A","438":";","439":"U","440":"A","441":"A","442":"A","443":",","444":"O","445":"A","446":"A","447":"I","448":",","449":"C","450":"A","451":"A","452":"C","453":",","454":"K","455":"A","456":"A","457":"K","458":",","459":"C","460":"A","461":"A","462":"C","463":";","464":"Y","465":"A","466":"C","467":"9","468":"B","469":",","470":"E","471":"A","472":"A","473":"E","474":",","475":"E","476":"A","477":"A","478":"E","479":",","480":"I","481":"A","482":"A","483":"I","484":",","485":"C","486":"A","487":"A","488":"C","489":",","490":"E","491":"A","492":"A","493":"E","494":";","495":"Y","496":"A","497":"C","498":"X","499":",","500":"E","501":"A","502":"A","503":"E","504":",","505":"E","506":"A","507":"A","508":"E","509":",","510":"I","511":"A","512":"A","513":"I","514":",","515":"C","516":"A","517":"A","518":"C","519":";","520":"U","521":"A","522":"C","523":"b","524":",","525":"C","526":"A","527":"A","528":"C","529":";","530":"Q","531":"A","532":"A","533":"C","534":";","535":"Q","536":"A","537":"E","538":"F","539":",","540":"I","541":"A","542":"A","543":"I","544":",","545":"I","546":"A","547":"A","548":"I","549":",","550":"C","551":"A","552":"A","553":"C","554":",","555":"Y","556":"A","557":"A","558":"Y","559":",","560":"E","561":"A","562":"A","563":"E","564":";","565":"U","566":"A","567":"C","568":"n","569":"B","570":",","571":"Y","572":"A","573":"A","574":"Y","575":",","576":"C","577":"A","578":"A","579":"C","580":",","581":"O","582":"A","583":"A","584":"O","585":",","586":"C","587":"A","588":"A","589":"C","590":",","591":"S","592":"A","593":"A","594":"S","595":",","596":"E","597":"A","598":"A","599":"E","600":",","601":"I","602":"A","603":"A","604":"I","605":",","606":"C","607":"A","608":"A","609":"C","610":",","611":"O","612":"A","613":"A","614":"O","615":",","616":"C","617":"A","618":"A","619":"C","620":";","621":"Q","622":"A","623":"C","624":"j","625":"D","626":",","627":"C","628":"A","629":"A","630":"C","631":",","632":"M","633":"A","634":"A","635":"M","636":";","637":"U","638":"A","639":"C","640":"H","641":",","642":"c","643":"A","644":"A","645":"c","646":",","647":"C","648":"A","649":"A","650":"C","651":",","652":"O","653":"A","654":"A","655":"O","656":",","657":"C","658":"A","659":"A","660":"C","661":",","662":"S","663":"A","664":"A","665":"S","666":",","667":"E","668":"A","669":"A","670":"E","671":",","672":"I","673":"A","674":"A","675":"I","676":",","677":"C","678":"A","679":"A","680":"C","681":",","682":"O","683":"A","684":"A","685":"O","686":",","687":"C","688":"A","689":"A","690":"C","691":";","692":"Q","693":"A","694":"C","695":"n","696":"D","697":";","698":"Q","699":"A","700":"C","701":"A","702":",","703":"K","704":"A","705":"A","706":"K","707":",","708":"C","709":"A","710":"A","711":"C","712":",","713":"Q","714":"A","715":"A","716":"Q","717":",","718":"C","719":"A","720":"A","721":"C","722":";","723":"Q","724":"A","725":"C","726":"f","727":",","728":"I","729":"A","730":"A","731":"I","732":",","733":"C","734":"A","735":"A","736":"C","737":",","738":"O","739":"A","740":"A","741":"O","742":",","743":"C","744":"A","745":"A","746":"C","747":",","748":"I","749":"A","750":"A","751":"I","752":",","753":"C","754":"A","755":"A","756":"C","757":",","758":"O","759":"A","760":"A","761":"O","762":",","763":"C","764":"A","765":"A","766":"C","767":";","768":"M","769":"A","770":"C","771":"9","772":"B","773":",","774":"C","775":"A","776":"A","777":"C","778":",","779":"C","780":"A","781":"A","782":"C","783":",","784":"O","785":"A","786":"A","787":"O","788":",","789":"K","790":"A","791":"A","792":"K","793":",","794":"E","795":"A","796":"A","797":"E","798":";","799":"Q","800":"A","801":"C","802":"Z","803":",","804":"I","805":"A","806":"A","807":"I","808":",","809":"K","810":"A","811":"A","812":"K","813":",","814":"C","815":"A","816":"A","817":"C","818":",","819":"M","820":"A","821":"A","822":"M","823":",","824":"K","825":"A","826":"A","827":"K","828":",","829":"G","830":"A","831":"A","832":"G","833":",","834":"E","835":"A","836":"A","837":"E","838":";","839":"U","840":"A","841":"C","842":"t","843":"B","844":",","845":"K","846":"A","847":"A","848":"K","849":",","850":"C","851":"A","852":"A","853":"E","854":",","855":"W","856":"A","857":"A","858":"U","859":",","860":"K","861":"A","862":"A","863":"K","864":",","865":"C","866":"A","867":"A","868":"C","869":",","870":"I","871":"A","872":"A","873":"I","874":",","875":"C","876":"A","877":"A","878":"C","879":",","880":"K","881":"A","882":"A","883":"M","884":",","885":"E","886":"A","887":"A","888":"C","889":",","890":"C","891":"A","892":"A","893":"C","894":";","895":"Q","896":"A","897":"C","898":"x","899":"C","900":",","901":"C","902":"A","903":"A","904":"C","905":",","906":"M","907":"A","908":"A","909":"M","910":";","911":"U","912":"A","913":"C","914":"H","915":",","916":"O","917":"A","918":"A","919":"O","920":",","921":"C","922":"A","923":"A","924":"C","925":",","926":"G","927":"A","928":"A","929":"G","930":",","931":"C","932":"A","933":"A","934":"C","935":",","936":"K","937":"A","938":"A","939":"K","940":",","941":"C","942":"A","943":"A","944":"C","945":";","946":"Q","947":"A","948":"C","949":"t","950":"B","951":";","952":"M","953":"A","954":"C","955":"J","956":";","957":"I","958":"A","959":"C","960":"J","961":";","962":"E","963":"A","964":"C","965":"J","966":";","967":"A","968":"A","969":"C","970":"J","971":",","972":"C","973":"A","974":"A","975":"C","976":";","977":"A","978":"A","979":"A","980":"A","981":";","982":"A","983":"A","984":"A","985":"A","986":"\"","987":",","988":"\"","989":"f","990":"i","991":"l","992":"e","993":"\"","994":":","995":"\"","996":"D","997":":","998":"\\","999":"\\","1000":"Y","1001":"o","1002":"u","1003":"M","1004":"e","1005":"\\","1006":"\\","1007":"H","1008":"a","1009":"e","1010":"n","1011":"a","1012":"m","1013":"\\","1014":"\\","1015":"H","1016":"a","1017":"e","1018":"n","1019":"a","1020":"m","1021":"\\","1022":"\\","1023":"c","1024":"l","1025":"i","1026":"e","1027":"n","1028":"t","1029":"\\","1030":"\\","1031":"s","1032":"r","1033":"c","1034":"\\","1035":"\\","1036":"c","1037":"o","1038":"m","1039":"p","1040":"o","1041":"n","1042":"e","1043":"n","1044":"t","1045":"s","1046":"\\","1047":"\\","1048":"a","1049":"u","1050":"t","1051":"h","1052":"\\","1053":"\\","1054":"L","1055":"o","1056":"g","1057":"i","1058":"n","1059":"F","1060":"o","1061":"r","1062":"m","1063":".","1064":"v","1065":"u","1066":"e","1067":"\"","1068":",","1069":"\"","1070":"s","1071":"o","1072":"u","1073":"r","1074":"c","1075":"e","1076":"s","1077":"C","1078":"o","1079":"n","1080":"t","1081":"e","1082":"n","1083":"t","1084":"\"","1085":":","1086":"[","1087":"\"","1088":"<","1089":"t","1090":"e","1091":"m","1092":"p","1093":"l","1094":"a","1095":"t","1096":"e","1097":">","1098":"\\","1099":"r","1100":"\\","1101":"n","1102":" ","1103":" ","1104":" ","1105":" ","1106":"<","1107":"d","1108":"i","1109":"v","1110":" ","1111":"i","1112":"d","1113":"=","1114":"\\","1115":"\"","1116":"l","1117":"o","1118":"g","1119":"i","1120":"n","1121":"-","1122":"f","1123":"o","1124":"r","1125":"m","1126":"\\","1127":"\"","1128":">","1129":"\\","1130":"r","1131":"\\","1132":"n","1133":" ","1134":" ","1135":" ","1136":" ","1137":" ","1138":" ","1139":" ","1140":" ","1141":"<","1142":"d","1143":"i","1144":"v","1145":" ","1146":"c","1147":"l","1148":"a","1149":"s","1150":"s","1151":"=","1152":"\\","1153":"\"","1154":"l","1155":"o","1156":"g","1157":"i","1158":"n","1159":"-","1160":"t","1161":"e","1162":"x","1163":"t","1164":"\\","1165":"\"","1166":">","1167":"\\","1168":"r","1169":"\\","1170":"n","1171":" ","1172":" ","1173":" ","1174":" ","1175":" ","1176":" ","1177":" ","1178":" ","1179":" ","1180":" ","1181":" ","1182":" ","1183":"<","1184":"l","1185":"a","1186":"b","1187":"e","1188":"l","1189":" ","1190":"f","1191":"o","1192":"r","1193":"=","1194":"\\","1195":"\"","1196":"i","1197":"d","1198":"\\","1199":"\"","1200":">","1201":"아","1202":"이","1203":"디","1204":"<","1205":"/","1206":"l","1207":"a","1208":"b","1209":"e","1210":"l","1211":">","1212":"\\","1213":"r","1214":"\\","1215":"n","1216":" ","1217":" ","1218":" ","1219":" ","1220":" ","1221":" ","1222":" ","1223":" ","1224":" ","1225":" ","1226":" ","1227":" ","1228":"<","1229":"i","1230":"n","1231":"p","1232":"u","1233":"t","1234":" ","1235":"t","1236":"y","1237":"p","1238":"e","1239":"=","1240":"\\","1241":"\"","1242":"t","1243":"e","1244":"x","1245":"t","1246":"\\","1247":"\"","1248":" ","1249":"i","1250":"d","1251":"=","1252":"\\","1253":"\"","1254":"i","1255":"d","1256":"\\","1257":"\"","1258":" ","1259":"v","1260":"-","1261":"m","1262":"o","1263":"d","1264":"e","1265":"l","1266":"=","1267":"\\","1268":"\"","1269":"i","1270":"d","1271":"\\","1272":"\"","1273":" ","1274":"/","1275":">","1276":"\\","1277":"r","1278":"\\","1279":"n","1280":" ","1281":" ","1282":" ","1283":" ","1284":" ","1285":" ","1286":" ","1287":" ","1288":"<","1289":"/","1290":"d","1291":"i","1292":"v","1293":">","1294":"\\","1295":"r","1296":"\\","1297":"n","1298":" ","1299":" ","1300":" ","1301":" ","1302":" ","1303":" ","1304":" ","1305":" ","1306":"<","1307":"d","1308":"i","1309":"v","1310":" ","1311":"c","1312":"l","1313":"a","1314":"s","1315":"s","1316":"=","1317":"\\","1318":"\"","1319":"l","1320":"o","1321":"g","1322":"i","1323":"n","1324":"-","1325":"t","1326":"e","1327":"x","1328":"t","1329":"\\","1330":"\"","1331":">","1332":"\\","1333":"r","1334":"\\","1335":"n","1336":" ","1337":" ","1338":" ","1339":" ","1340":" ","1341":" ","1342":" ","1343":" ","1344":" ","1345":" ","1346":" ","1347":" ","1348":"<","1349":"l","1350":"a","1351":"b","1352":"e","1353":"l","1354":" ","1355":"f","1356":"o","1357":"r","1358":"=","1359":"\\","1360":"\"","1361":"p","1362":"w","1363":"\\","1364":"\"","1365":">","1366":"비","1367":"밀","1368":"번","1369":"호","1370":"<","1371":"/","1372":"l","1373":"a","1374":"b","1375":"e","1376":"l","1377":">","1378":"\\","1379":"r","1380":"\\","1381":"n","1382":" ","1383":" ","1384":" ","1385":" ","1386":" ","1387":" ","1388":" ","1389":" ","1390":" ","1391":" ","1392":" ","1393":" ","1394":"<","1395":"i","1396":"n","1397":"p","1398":"u","1399":"t","1400":" ","1401":"t","1402":"y","1403":"p","1404":"e","1405":"=","1406":"\\","1407":"\"","1408":"p","1409":"a","1410":"s","1411":"s","1412":"w","1413":"o","1414":"r","1415":"d","1416":"\\","1417":"\"","1418":" ","1419":"i","1420":"d","1421":"=","1422":"\\","1423":"\"","1424":"p","1425":"w","1426":"\\","1427":"\"","1428":" ","1429":"v","1430":"-","1431":"m","1432":"o","1433":"d","1434":"e","1435":"l","1436":"=","1437":"\\","1438":"\"","1439":"p","1440":"w","1441":"\\","1442":"\"","1443":" ","1444":"/","1445":">","1446":"\\","1447":"r","1448":"\\","1449":"n","1450":" ","1451":" ","1452":" ","1453":" ","1454":" ","1455":" ","1456":" ","1457":" ","1458":"<","1459":"/","1460":"d","1461":"i","1462":"v","1463":">","1464":"\\","1465":"r","1466":"\\","1467":"n","1468":" ","1469":" ","1470":" ","1471":" ","1472":" ","1473":" ","1474":" ","1475":" ","1476":"<","1477":"d","1478":"i","1479":"v","1480":" ","1481":"c","1482":"l","1483":"a","1484":"s","1485":"s","1486":"=","1487":"\\","1488":"\"","1489":"l","1490":"o","1491":"g","1492":"i","1493":"n","1494":"-","1495":"k","1496":"e","1497":"e","1498":"p","1499":"\\","1500":"\"","1501":">","1502":"\\","1503":"r","1504":"\\","1505":"n","1506":" ","1507":" ","1508":" ","1509":" ","1510":" ","1511":" ","1512":" ","1513":" ","1514":" ","1515":" ","1516":" ","1517":" ","1518":"<","1519":"i","1520":"n","1521":"p","1522":"u","1523":"t","1524":" ","1525":"t","1526":"y","1527":"p","1528":"e","1529":"=","1530":"\\","1531":"\"","1532":"c","1533":"h","1534":"e","1535":"c","1536":"k","1537":"b","1538":"o","1539":"x","1540":"\\","1541":"\"","1542":" ","1543":"i","1544":"d","1545":"=","1546":"\\","1547":"\"","1548":"k","1549":"e","1550":"e","1551":"p","1552":"-","1553":"c","1554":"h","1555":"e","1556":"c","1557":"k","1558":"\\","1559":"\"","1560":" ","1561":"v","1562":"-","1563":"m","1564":"o","1565":"d","1566":"e","1567":"l","1568":"=","1569":"\\","1570":"\"","1571":"k","1572":"e","1573":"e","1574":"p","1575":"L","1576":"o","1577":"g","1578":"g","1579":"e","1580":"d","1581":"I","1582":"n","1583":"\\","1584":"\"","1585":" ","1586":"/","1587":">","1588":"\\","1589":"r","1590":"\\","1591":"n","1592":" ","1593":" ","1594":" ","1595":" ","1596":" ","1597":" ","1598":" ","1599":" ","1600":" ","1601":" ","1602":" ","1603":" ","1604":"<","1605":"l","1606":"a","1607":"b","1608":"e","1609":"l","1610":" ","1611":"f","1612":"o","1613":"r","1614":"=","1615":"\\","1616":"\"","1617":"k","1618":"e","1619":"e","1620":"p","1621":"-","1622":"c","1623":"h","1624":"e","1625":"c","1626":"k","1627":"\\","1628":"\"","1629":">","1630":"로","1631":"그","1632":"인","1633":" ","1634":"상","1635":"태","1636":" ","1637":"유","1638":"지","1639":"<","1640":"/","1641":"l","1642":"a","1643":"b","1644":"e","1645":"l","1646":">","1647":"\\","1648":"r","1649":"\\","1650":"n","1651":" ","1652":" ","1653":" ","1654":" ","1655":" ","1656":" ","1657":" ","1658":" ","1659":"<","1660":"/","1661":"d","1662":"i","1663":"v","1664":">","1665":"\\","1666":"r","1667":"\\","1668":"n","1669":" ","1670":" ","1671":" ","1672":" ","1673":" ","1674":" ","1675":" ","1676":" ","1677":"<","1678":"b","1679":"u","1680":"t","1681":"t","1682":"o","1683":"n","1684":" ","1685":"@","1686":"c","1687":"l","1688":"i","1689":"c","1690":"k","1691":"=","1692":"\\","1693":"\"","1694":"l","1695":"o","1696":"g","1697":"i","1698":"n","1699":"\\","1700":"\"","1701":">","1702":"로","1703":"그","1704":"인","1705":"<","1706":"/","1707":"b","1708":"u","1709":"t","1710":"t","1711":"o","1712":"n","1713":">","1714":"\\","1715":"r","1716":"\\","1717":"n","1718":" ","1719":" ","1720":" ","1721":" ","1722":"<","1723":"/","1724":"d","1725":"i","1726":"v","1727":">","1728":"\\","1729":"r","1730":"\\","1731":"n","1732":"<","1733":"/","1734":"t","1735":"e","1736":"m","1737":"p","1738":"l","1739":"a","1740":"t","1741":"e","1742":">","1743":"\\","1744":"r","1745":"\\","1746":"n","1747":"\\","1748":"r","1749":"\\","1750":"n","1751":"<","1752":"s","1753":"c","1754":"r","1755":"i","1756":"p","1757":"t","1758":">","1759":"\\","1760":"r","1761":"\\","1762":"n","1763":"i","1764":"m","1765":"p","1766":"o","1767":"r","1768":"t","1769":" ","1770":"{","1771":" ","1772":"m","1773":"a","1774":"p","1775":"M","1776":"u","1777":"t","1778":"a","1779":"t","1780":"i","1781":"o","1782":"n","1783":"s","1784":" ","1785":"}","1786":" ","1787":"f","1788":"r","1789":"o","1790":"m","1791":" ","1792":"\\","1793":"\"","1794":"v","1795":"u","1796":"e","1797":"x","1798":"\\","1799":"\"","1800":";","1801":"\\","1802":"r","1803":"\\","1804":"n","1805":"i","1806":"m","1807":"p","1808":"o","1809":"r","1810":"t","1811":" ","1812":"a","1813":"u","1814":"t","1815":"h","1816":" ","1817":"f","1818":"r","1819":"o","1820":"m","1821":" ","1822":"\\","1823":"\"","1824":"@","1825":"/","1826":"a","1827":"p","1828":"i","1829":"/","1830":"a","1831":"u","1832":"t","1833":"h","1834":".","1835":"j","1836":"s","1837":"\\","1838":"\"","1839":";","1840":"\\","1841":"r","1842":"\\","1843":"n","1844":"e","1845":"x","1846":"p","1847":"o","1848":"r","1849":"t","1850":" ","1851":"d","1852":"e","1853":"f","1854":"a","1855":"u","1856":"l","1857":"t","1858":" ","1859":"{","1860":"\\","1861":"r","1862":"\\","1863":"n","1864":" ","1865":" ","1866":" ","1867":" ","1868":"d","1869":"a","1870":"t","1871":"a","1872":"(","1873":")","1874":" ","1875":"{","1876":"\\","1877":"r","1878":"\\","1879":"n","1880":" ","1881":" ","1882":" ","1883":" ","1884":" ","1885":" ","1886":" ","1887":" ","1888":"r","1889":"e","1890":"t","1891":"u","1892":"r","1893":"n","1894":" ","1895":"{","1896":"\\","1897":"r","1898":"\\","1899":"n","1900":" ","1901":" ","1902":" ","1903":" ","1904":" ","1905":" ","1906":" ","1907":" ","1908":" ","1909":" ","1910":" ","1911":" ","1912":"i","1913":"d","1914":":","1915":" ","1916":"\\","1917":"\"","1918":"\\","1919":"\"","1920":",","1921":"\\","1922":"r","1923":"\\","1924":"n","1925":" ","1926":" ","1927":" ","1928":" ","1929":" ","1930":" ","1931":" ","1932":" ","1933":" ","1934":" ","1935":" ","1936":" ","1937":"p","1938":"w","1939":":","1940":" ","1941":"\\","1942":"\"","1943":"\\","1944":"\"","1945":",","1946":"\\","1947":"r","1948":"\\","1949":"n","1950":" ","1951":" ","1952":" ","1953":" ","1954":" ","1955":" ","1956":" ","1957":" ","1958":" ","1959":" ","1960":" ","1961":" ","1962":"k","1963":"e","1964":"e","1965":"p","1966":"L","1967":"o","1968":"g","1969":"g","1970":"e","1971":"d","1972":"I","1973":"n","1974":":","1975":" ","1976":"f","1977":"a","1978":"l","1979":"s","1980":"e","1981":",","1982":"\\","1983":"r","1984":"\\","1985":"n","1986":" ","1987":" ","1988":" ","1989":" ","1990":" ","1991":" ","1992":" ","1993":" ","1994":"}","1995":";","1996":"\\","1997":"r","1998":"\\","1999":"n","2000":" ","2001":" ","2002":" ","2003":" ","2004":"}","2005":",","2006":"\\","2007":"r","2008":"\\","2009":"n","2010":" ","2011":" ","2012":" ","2013":" ","2014":"m","2015":"e","2016":"t","2017":"h","2018":"o","2019":"d","2020":"s","2021":":","2022":" ","2023":"{","2024":"\\","2025":"r","2026":"\\","2027":"n","2028":" ","2029":" ","2030":" ","2031":" ","2032":" ","2033":" ","2034":" ","2035":" ","2036":".","2037":".","2038":".","2039":"m","2040":"a","2041":"p","2042":"M","2043":"u","2044":"t","2045":"a","2046":"t","2047":"i","2048":"o","2049":"n","2050":"s","2051":"(","2052":"[","2053":"\\","2054":"\"","2055":"S","2056":"E","2057":"T","2058":"_","2059":"U","2060":"S","2061":"E","2062":"R","2063":"_","2064":"I","2065":"D","2066":"\\","2067":"\"","2068":"]","2069":")","2070":",","2071":"\\","2072":"r","2073":"\\","2074":"n","2075":" ","2076":" ","2077":" ","2078":" ","2079":" ","2080":" ","2081":" ","2082":" ","2083":"a","2084":"s","2085":"y","2086":"n","2087":"c","2088":" ","2089":"l","2090":"o","2091":"g","2092":"i","2093":"n","2094":"(","2095":")","2096":" ","2097":"{","2098":"\\","2099":"r","2100":"\\","2101":"n","2102":" ","2103":" ","2104":" ","2105":" ","2106":" ","2107":" ","2108":" ","2109":" ","2110":" ","2111":" ","2112":" ","2113":" ","2114":"t","2115":"r","2116":"y","2117":" ","2118":"{","2119":"\\","2120":"r","2121":"\\","2122":"n","2123":" ","2124":" ","2125":" ","2126":" ","2127":" ","2128":" ","2129":" ","2130":" ","2131":" ","2132":" ","2133":" ","2134":" ","2135":" ","2136":" ","2137":" ","2138":" ","2139":"c","2140":"o","2141":"n","2142":"s","2143":"t","2144":" ","2145":"{","2146":" ","2147":"d","2148":"a","2149":"t","2150":"a","2151":" ","2152":"}","2153":" ","2154":"=","2155":" ","2156":"a","2157":"w","2158":"a","2159":"i","2160":"t","2161":" ","2162":"a","2163":"u","2164":"t","2165":"h","2166":".","2167":"l","2168":"o","2169":"g","2170":"i","2171":"n","2172":"(","2173":"{","2174":"\\","2175":"r","2176":"\\","2177":"n","2178":" ","2179":" ","2180":" ","2181":" ","2182":" ","2183":" ","2184":" ","2185":" ","2186":" ","2187":" ","2188":" ","2189":" ","2190":" ","2191":" ","2192":" ","2193":" ","2194":" ","2195":" ","2196":" ","2197":" ","2198":"i","2199":"d","2200":":","2201":" ","2202":"t","2203":"h","2204":"i","2205":"s","2206":".","2207":"i","2208":"d","2209":",","2210":"\\","2211":"r","2212":"\\","2213":"n","2214":" ","2215":" ","2216":" ","2217":" ","2218":" ","2219":" ","2220":" ","2221":" ","2222":" ","2223":" ","2224":" ","2225":" ","2226":" ","2227":" ","2228":" ","2229":" ","2230":" ","2231":" ","2232":" ","2233":" ","2234":"p","2235":"w","2236":":","2237":" ","2238":"t","2239":"h","2240":"i","2241":"s","2242":".","2243":"p","2244":"w","2245":",","2246":"\\","2247":"r","2248":"\\","2249":"n","2250":" ","2251":" ","2252":" ","2253":" ","2254":" ","2255":" ","2256":" ","2257":" ","2258":" ","2259":" ","2260":" ","2261":" ","2262":" ","2263":" ","2264":" ","2265":" ","2266":"}","2267":")","2268":";","2269":"\\","2270":"r","2271":"\\","2272":"n","2273":"\\","2274":"r","2275":"\\","2276":"n","2277":" ","2278":" ","2279":" ","2280":" ","2281":" ","2282":" ","2283":" ","2284":" ","2285":" ","2286":" ","2287":" ","2288":" ","2289":" ","2290":" ","2291":" ","2292":" ","2293":"i","2294":"f","2295":" ","2296":"(","2297":"t","2298":"h","2299":"i","2300":"s","2301":".","2302":"k","2303":"e","2304":"e","2305":"p","2306":"L","2307":"o","2308":"g","2309":"g","2310":"e","2311":"d","2312":"I","2313":"n","2314":")","2315":" ","2316":"{","2317":"\\","2318":"r","2319":"\\","2320":"n","2321":" ","2322":" ","2323":" ","2324":" ","2325":" ","2326":" ","2327":" ","2328":" ","2329":" ","2330":" ","2331":" ","2332":" ","2333":" ","2334":" ","2335":" ","2336":" ","2337":" ","2338":" ","2339":" ","2340":" ","2341":"l","2342":"o","2343":"c","2344":"a","2345":"l","2346":"S","2347":"t","2348":"o","2349":"r","2350":"a","2351":"g","2352":"e","2353":".","2354":"s","2355":"e","2356":"t","2357":"I","2358":"t","2359":"e","2360":"m","2361":"(","2362":"\\","2363":"\"","2364":"u","2365":"s","2366":"e","2367":"r","2368":"_","2369":"i","2370":"d","2371":"\\","2372":"\"","2373":",","2374":" ","2375":"d","2376":"a","2377":"t","2378":"a","2379":".","2380":"u","2381":"s","2382":"e","2383":"r","2384":"_","2385":"i","2386":"d","2387":")","2388":";","2389":"\\","2390":"r","2391":"\\","2392":"n","2393":" ","2394":" ","2395":" ","2396":" ","2397":" ","2398":" ","2399":" ","2400":" ","2401":" ","2402":" ","2403":" ","2404":" ","2405":" ","2406":" ","2407":" ","2408":" ","2409":"}","2410":" ","2411":"e","2412":"l","2413":"s","2414":"e","2415":" ","2416":"{","2417":"\\","2418":"r","2419":"\\","2420":"n","2421":" ","2422":" ","2423":" ","2424":" ","2425":" ","2426":" ","2427":" ","2428":" ","2429":" ","2430":" ","2431":" ","2432":" ","2433":" ","2434":" ","2435":" ","2436":" ","2437":" ","2438":" ","2439":" ","2440":" ","2441":"s","2442":"e","2443":"s","2444":"s","2445":"i","2446":"o","2447":"n","2448":"S","2449":"t","2450":"o","2451":"r","2452":"a","2453":"g","2454":"e","2455":".","2456":"s","2457":"e","2458":"t","2459":"I","2460":"t","2461":"e","2462":"m","2463":"(","2464":"\\","2465":"\"","2466":"u","2467":"s","2468":"e","2469":"r","2470":"_","2471":"i","2472":"d","2473":"\\","2474":"\"","2475":",","2476":" ","2477":"d","2478":"a","2479":"t","2480":"a","2481":".","2482":"u","2483":"s","2484":"e","2485":"r","2486":"_","2487":"i","2488":"d","2489":")","2490":";","2491":"\\","2492":"r","2493":"\\","2494":"n","2495":" ","2496":" ","2497":" ","2498":" ","2499":" ","2500":" ","2501":" ","2502":" ","2503":" ","2504":" ","2505":" ","2506":" ","2507":" ","2508":" ","2509":" ","2510":" ","2511":"}","2512":"\\","2513":"r","2514":"\\","2515":"n","2516":" ","2517":" ","2518":" ","2519":" ","2520":" ","2521":" ","2522":" ","2523":" ","2524":" ","2525":" ","2526":" ","2527":" ","2528":" ","2529":" ","2530":" ","2531":" ","2532":"a","2533":"l","2534":"e","2535":"r","2536":"t","2537":"(","2538":"\\","2539":"\"","2540":"로","2541":"그","2542":"인","2543":" ","2544":"성","2545":"공","2546":"\\","2547":"\"","2548":")","2549":";","2550":"\\","2551":"r","2552":"\\","2553":"n","2554":" ","2555":" ","2556":" ","2557":" ","2558":" ","2559":" ","2560":" ","2561":" ","2562":" ","2563":" ","2564":" ","2565":" ","2566":" ","2567":" ","2568":" ","2569":" ","2570":"t","2571":"h","2572":"i","2573":"s","2574":".","2575":"$","2576":"r","2577":"o","2578":"u","2579":"t","2580":"e","2581":"r","2582":".","2583":"p","2584":"u","2585":"s","2586":"h","2587":"(","2588":"\\","2589":"\"","2590":"/","2591":"m","2592":"a","2593":"i","2594":"n","2595":"\\","2596":"\"","2597":")","2598":";","2599":"\\","2600":"r","2601":"\\","2602":"n","2603":" ","2604":" ","2605":" ","2606":" ","2607":" ","2608":" ","2609":" ","2610":" ","2611":" ","2612":" ","2613":" ","2614":" ","2615":"}","2616":" ","2617":"c","2618":"a","2619":"t","2620":"c","2621":"h","2622":" ","2623":"(","2624":"e","2625":"r","2626":"r","2627":"o","2628":"r","2629":")","2630":" ","2631":"{","2632":"\\","2633":"r","2634":"\\","2635":"n","2636":" ","2637":" ","2638":" ","2639":" ","2640":" ","2641":" ","2642":" ","2643":" ","2644":" ","2645":" ","2646":" ","2647":" ","2648":" ","2649":" ","2650":" ","2651":" ","2652":"i","2653":"f","2654":" ","2655":"(","2656":"e","2657":"r","2658":"r","2659":"o","2660":"r","2661":".","2662":"s","2663":"t","2664":"a","2665":"t","2666":"u","2667":"s","2668":" ","2669":"=","2670":"=","2671":"=","2672":" ","2673":"4","2674":"0","2675":"1","2676":")","2677":" ","2678":"{","2679":"\\","2680":"r","2681":"\\","2682":"n","2683":" ","2684":" ","2685":" ","2686":" ","2687":" ","2688":" ","2689":" ","2690":" ","2691":" ","2692":" ","2693":" ","2694":" ","2695":" ","2696":" ","2697":" ","2698":" ","2699":" ","2700":" ","2701":" ","2702":" ","2703":"a","2704":"l","2705":"e","2706":"r","2707":"t","2708":"(","2709":"`","2710":"유","2711":"효","2712":"하","2713":"지","2714":" ","2715":"않","2716":"은","2717":" ","2718":"$","2719":"{","2720":"e","2721":"r","2722":"r","2723":"o","2724":"r","2725":".","2726":"d","2727":"a","2728":"t","2729":"a","2730":".","2731":"e","2732":"r","2733":"r","2734":"o","2735":"r","2736":"}","2737":"`","2738":")","2739":";","2740":"\\","2741":"r","2742":"\\","2743":"n","2744":" ","2745":" ","2746":" ","2747":" ","2748":" ","2749":" ","2750":" ","2751":" ","2752":" ","2753":" ","2754":" ","2755":" ","2756":" ","2757":" ","2758":" ","2759":" ","2760":"}","2761":" ","2762":"e","2763":"l","2764":"s","2765":"e","2766":" ","2767":"{","2768":"\\","2769":"r","2770":"\\","2771":"n","2772":" ","2773":" ","2774":" ","2775":" ","2776":" ","2777":" ","2778":" ","2779":" ","2780":" ","2781":" ","2782":" ","2783":" ","2784":" ","2785":" ","2786":" ","2787":" ","2788":" ","2789":" ","2790":" ","2791":" ","2792":"c","2793":"o","2794":"n","2795":"s","2796":"o","2797":"l","2798":"e","2799":".","2800":"l","2801":"o","2802":"g","2803":"(","2804":"e","2805":"r","2806":"r","2807":"o","2808":"r","2809":")","2810":";","2811":"\\","2812":"r","2813":"\\","2814":"n","2815":" ","2816":" ","2817":" ","2818":" ","2819":" ","2820":" ","2821":" ","2822":" ","2823":" ","2824":" ","2825":" ","2826":" ","2827":" ","2828":" ","2829":" ","2830":" ","2831":"}","2832":"\\","2833":"r","2834":"\\","2835":"n","2836":" ","2837":" ","2838":" ","2839":" ","2840":" ","2841":" ","2842":" ","2843":" ","2844":" ","2845":" ","2846":" ","2847":" ","2848":"}","2849":"\\","2850":"r","2851":"\\","2852":"n","2853":" ","2854":" ","2855":" ","2856":" ","2857":" ","2858":" ","2859":" ","2860":" ","2861":"}","2862":",","2863":"\\","2864":"r","2865":"\\","2866":"n","2867":" ","2868":" ","2869":" ","2870":" ","2871":"}","2872":",","2873":"\\","2874":"r","2875":"\\","2876":"n","2877":"}","2878":";","2879":"\\","2880":"r","2881":"\\","2882":"n","2883":"<","2884":"/","2885":"s","2886":"c","2887":"r","2888":"i","2889":"p","2890":"t","2891":">","2892":"\\","2893":"r","2894":"\\","2895":"n","2896":"\\","2897":"r","2898":"\\","2899":"n","2900":"<","2901":"s","2902":"t","2903":"y","2904":"l","2905":"e","2906":" ","2907":"s","2908":"c","2909":"o","2910":"p","2911":"e","2912":"d","2913":">","2914":"<","2915":"/","2916":"s","2917":"t","2918":"y","2919":"l","2920":"e","2921":">","2922":"\\","2923":"r","2924":"\\","2925":"n","2926":"\"","2927":"]","2928":"}"},"_coverageSchema":"1a1c01bbd47fc00a2c39e90264f33305004495a9","hash":"a61c98951d06dfc9af83548d3a832caedba8d30f"}
,"D:\\YouMe\\Haenam\\Haenam\\client\\src\\components\\auth\\RegisterForm.vue": {"path":"D:\\YouMe\\Haenam\\Haenam\\client\\src\\components\\auth\\RegisterForm.vue","statementMap":{"0":{"start":{"line":4,"column":0},"end":{"line":6,"column":3}},"1":{"start":{"line":7,"column":0},"end":{"line":7,"column":25}},"2":{"start":{"line":15,"column":15},"end":{"line":56,"column":1}},"3":{"start":{"line":17,"column":4},"end":{"line":20,"column":6}},"4":{"start":{"line":31,"column":6},"end":{"line":53,"column":7}},"5":{"start":{"line":34,"column":12},"end":{"line":42,"column":9}},"6":{"start":{"line":43,"column":8},"end":{"line":46,"column":9}},"7":{"start":{"line":44,"column":10},"end":{"line":44,"column":27}},"8":{"start":{"line":45,"column":10},"end":{"line":45,"column":36}},"9":{"start":{"line":50,"column":8},"end":{"line":52,"column":9}},"10":{"start":{"line":51,"column":10},"end":{"line":51,"column":30}},"11":{"start":{"line":59,"column":0},"end":{"line":59,"column":13}},"12":{"start":{"line":61,"column":0},"end":{"line":63,"column":3}},"13":{"start":{"line":64,"column":0},"end":{"line":64,"column":24}},"14":{"start":{"line":65,"column":11},"end":{"line":65,"column":25}},"15":{"start":{"line":66,"column":19},"end":{"line":68,"column":1}},"16":{"start":{"line":69,"column":19},"end":{"line":71,"column":1}},"17":{"start":{"line":72,"column":32},"end":{"line":74,"column":27}},"18":{"start":{"line":75,"column":19},"end":{"line":77,"column":1}},"19":{"start":{"line":78,"column":32},"end":{"line":80,"column":28}},"20":{"start":{"line":83,"column":2},"end":{"line":95,"column":15}},"21":{"start":{"line":86,"column":63},"end":{"line":86,"column":79}},"22":{"start":{"line":90,"column":63},"end":{"line":90,"column":79}},"23":{"start":{"line":93,"column":6},"end":{"line":93,"column":58}},"24":{"start":{"line":96,"column":2},"end":{"line":96,"column":49}}},"fnMap":{"0":{"name":"(anonymous_0)","decl":{"start":{"line":16,"column":2},"end":{"line":16,"column":3}},"loc":{"start":{"line":16,"column":9},"end":{"line":21,"column":3}},"line":16},"1":{"name":"(anonymous_1)","decl":{"start":{"line":30,"column":4},"end":{"line":30,"column":5}},"loc":{"start":{"line":30,"column":21},"end":{"line":54,"column":5}},"line":30},"2":{"name":"render","decl":{"start":{"line":82,"column":9},"end":{"line":82,"column":15}},"loc":{"start":{"line":82,"column":30},"end":{"line":96,"column":1}},"line":82},"3":{"name":"(anonymous_3)","decl":{"start":{"line":86,"column":53},"end":{"line":86,"column":54}},"loc":{"start":{"line":86,"column":63},"end":{"line":86,"column":79}},"line":86},"4":{"name":"(anonymous_4)","decl":{"start":{"line":90,"column":53},"end":{"line":90,"column":54}},"loc":{"start":{"line":90,"column":63},"end":{"line":90,"column":79}},"line":90},"5":{"name":"(anonymous_5)","decl":{"start":{"line":92,"column":39},"end":{"line":92,"column":40}},"loc":{"start":{"line":92,"column":51},"end":{"line":94,"column":5}},"line":92}},"branchMap":{"0":{"loc":{"start":{"line":43,"column":8},"end":{"line":46,"column":9}},"type":"if","locations":[{"start":{"line":43,"column":8},"end":{"line":46,"column":9}},{"start":{},"end":{}}],"line":43},"1":{"loc":{"start":{"line":50,"column":8},"end":{"line":52,"column":9}},"type":"if","locations":[{"start":{"line":50,"column":8},"end":{"line":52,"column":9}},{"start":{},"end":{}}],"line":50},"2":{"loc":{"start":{"line":86,"column":27},"end":{"line":86,"column":80}},"type":"binary-expr","locations":[{"start":{"line":86,"column":27},"end":{"line":86,"column":36}},{"start":{"line":86,"column":41},"end":{"line":86,"column":79}}],"line":86},"3":{"loc":{"start":{"line":90,"column":27},"end":{"line":90,"column":80}},"type":"binary-expr","locations":[{"start":{"line":90,"column":27},"end":{"line":90,"column":36}},{"start":{"line":90,"column":41},"end":{"line":90,"column":79}}],"line":90},"4":{"loc":{"start":{"line":92,"column":13},"end":{"line":94,"column":6}},"type":"binary-expr","locations":[{"start":{"line":92,"column":13},"end":{"line":92,"column":22}},{"start":{"line":92,"column":27},"end":{"line":94,"column":5}}],"line":92},"5":{"loc":{"start":{"line":93,"column":13},"end":{"line":93,"column":57}},"type":"binary-expr","locations":[{"start":{"line":93,"column":13},"end":{"line":93,"column":26}},{"start":{"line":93,"column":30},"end":{"line":93,"column":57}}],"line":93}},"s":{"0":1,"1":1,"2":1,"3":0,"4":0,"5":0,"6":0,"7":0,"8":0,"9":0,"10":0,"11":1,"12":1,"13":1,"14":1,"15":1,"16":1,"17":1,"18":1,"19":1,"20":0,"21":0,"22":0,"23":0,"24":1},"f":{"0":0,"1":0,"2":0,"3":0,"4":0,"5":0},"b":{"0":[0,0],"1":[0,0],"2":[0,0],"3":[0,0],"4":[0,0],"5":[0,0]},"inputSourceMap":{"0":"{","1":"\"","2":"v","3":"e","4":"r","5":"s","6":"i","7":"o","8":"n","9":"\"","10":":","11":"3","12":",","13":"\"","14":"s","15":"o","16":"u","17":"r","18":"c","19":"e","20":"s","21":"\"","22":":","23":"[","24":"\"","25":"D","26":":","27":"\\","28":"\\","29":"Y","30":"o","31":"u","32":"M","33":"e","34":"\\","35":"\\","36":"H","37":"a","38":"e","39":"n","40":"a","41":"m","42":"\\","43":"\\","44":"H","45":"a","46":"e","47":"n","48":"a","49":"m","50":"\\","51":"\\","52":"c","53":"l","54":"i","55":"e","56":"n","57":"t","58":"\\","59":"\\","60":"s","61":"r","62":"c","63":"\\","64":"\\","65":"c","66":"o","67":"m","68":"p","69":"o","70":"n","71":"e","72":"n","73":"t","74":"s","75":"\\","76":"\\","77":"a","78":"u","79":"t","80":"h","81":"\\","82":"\\","83":"R","84":"e","85":"g","86":"i","87":"s","88":"t","89":"e","90":"r","91":"F","92":"o","93":"r","94":"m","95":".","96":"v","97":"u","98":"e","99":"\"","100":"]","101":",","102":"\"","103":"n","104":"a","105":"m","106":"e","107":"s","108":"\"","109":":","110":"[","111":"]","112":",","113":"\"","114":"m","115":"a","116":"p","117":"p","118":"i","119":"n","120":"g","121":"s","122":"\"","123":":","124":"\"","125":";","126":";","127":";","128":";","129":";","130":";","131":";","132":"A","133":"A","134":"e","135":"A","136":";","137":"A","138":"A","139":"A","140":"A","141":";","142":"A","143":"A","144":"A","145":"A","146":";","147":"A","148":"A","149":"C","150":"A","151":";","152":"A","153":"A","154":"A","155":"A","156":";","157":"A","158":"A","159":"A","160":"A","161":";","162":"A","163":"A","164":"A","165":"i","166":"C","167":";","168":"A","169":"A","170":"A","171":"A","172":",","173":"e","174":"A","175":"C","176":"l","177":"B","178":";","179":"E","180":"A","181":"C","182":"X","183":",","184":"I","185":"A","186":"A","187":"I","188":",","189":"G","190":"A","191":"A","192":"G","193":";","194":"I","195":"A","196":"C","197":"H","198":",","199":"O","200":"A","201":"A","202":"O","203":";","204":"M","205":"A","206":"C","207":"H","208":",","209":"E","210":"A","211":"A","212":"E","213":",","214":"E","215":"A","216":"A","217":"E","218":",","219":"E","220":"A","221":"A","222":"E","223":";","224":"M","225":"A","226":"C","227":"N","228":",","229":"E","230":"A","231":"A","232":"E","233":",","234":"E","235":"A","236":"A","237":"E","238":";","239":"I","240":"A","241":"C","242":"R","243":",","244":"C","245":"A","246":"A","247":"C","248":";","249":"E","250":"A","251":"C","252":"L","253":",","254":"C","255":"A","256":"A","257":"C","258":";","259":"E","260":"A","261":"C","262":"D","263":",","264":"O","265":"A","266":"A","267":"O","268":",","269":"E","270":"A","271":"A","272":"E","273":";","274":"I","275":"A","276":"C","277":"L","278":";","279":"I","280":"A","281":"A","282":"G","283":";","284":"I","285":"A","286":"A","287":"A","288":";","289":"I","290":"A","291":"A","292":"A","293":";","294":"I","295":"A","296":"A","297":"A","298":";","299":"I","300":"A","301":"A","302":"A","303":";","304":"I","305":"A","306":"A","307":"A","308":",","309":"Y","310":"A","311":"A","312":"Y","313":",","314":"E","315":"A","316":"A","317":"C","318":",","319":"C","320":"A","321":"A","322":"C","323":",","324":"a","325":"A","326":"A","327":"a","328":",","329":"C","330":"A","331":"A","332":"C","333":",","334":"C","335":"A","336":"A","337":"C","338":";","339":"I","340":"A","341":"C","342":"h","343":"C","344":",","345":"M","346":"A","347":"A","348":"M","349":",","350":"Q","351":"A","352":"A","353":"Q","354":",","355":"G","356":"A","357":"A","358":"G","359":";","360":"M","361":"A","362":"C","363":"b","364":",","365":"I","366":"A","367":"A","368":"I","369":";","370":"Q","371":"A","372":"C","373":"A","374":",","375":"M","376":"A","377":"A","378":"M","379":";","380":"U","381":"A","382":"A","383":"E","384":";","385":"Q","386":"A","387":"A","388":"O","389":",","390":"C","391":"A","392":"A","393":"C","394":",","395":"G","396":"A","397":"A","398":"G","399":",","400":"M","401":"A","402":"A","403":"M","404":";","405":"U","406":"A","407":"A","408":"A","409":";","410":"U","411":"A","412":"A","413":"A","414":";","415":"U","416":"A","417":"A","418":"A","419":";","420":"U","421":"A","422":"A","423":"A","424":",","425":"O","426":"A","427":"A","428":"I","429":",","430":"C","431":"A","432":"A","433":"C","434":",","435":"Q","436":"A","437":"A","438":"Q","439":",","440":"C","441":"A","442":"A","443":"C","444":";","445":"Y","446":"A","447":"C","448":"n","449":"C","450":",","451":"E","452":"A","453":"A","454":"E","455":",","456":"E","457":"A","458":"A","459":"E","460":",","461":"I","462":"A","463":"A","464":"I","465":",","466":"C","467":"A","468":"A","469":"C","470":",","471":"E","472":"A","473":"A","474":"E","475":";","476":"Y","477":"A","478":"C","479":"X","480":",","481":"E","482":"A","483":"A","484":"E","485":",","486":"E","487":"A","488":"A","489":"E","490":",","491":"I","492":"A","493":"A","494":"I","495":",","496":"C","497":"A","498":"A","499":"C","500":";","501":"U","502":"A","503":"C","504":"b","505":",","506":"C","507":"A","508":"A","509":"C","510":";","511":"Q","512":"A","513":"A","514":"C","515":";","516":"Q","517":"A","518":"C","519":"F","520":",","521":"I","522":"A","523":"A","524":"I","525":",","526":"M","527":"A","528":"A","529":"M","530":",","531":"K","532":"A","533":"A","534":"K","535":",","536":"G","537":"A","538":"A","539":"G","540":",","541":"E","542":"A","543":"A","544":"E","545":";","546":"U","547":"A","548":"C","549":"h","550":"B","551":",","552":"K","553":"A","554":"A","555":"K","556":",","557":"C","558":"A","559":"A","560":"C","561":",","562":"S","563":"A","564":"A","565":"S","566":",","567":"C","568":"A","569":"A","570":"C","571":";","572":"U","573":"A","574":"C","575":"h","576":"B","577":",","578":"I","579":"A","580":"A","581":"I","582":",","583":"C","584":"A","585":"A","586":"C","587":",","588":"K","589":"A","590":"A","591":"K","592":",","593":"C","594":"A","595":"A","596":"C","597":",","598":"I","599":"A","600":"A","601":"I","602":",","603":"E","604":"A","605":"A","606":"E","607":",","608":"I","609":"A","610":"A","611":"I","612":",","613":"C","614":"A","615":"A","616":"C","617":",","618":"E","619":"A","620":"A","621":"E","622":",","623":"C","624":"A","625":"A","626":"C","627":";","628":"Q","629":"A","630":"C","631":"7","632":"B","633":";","634":"M","635":"A","636":"C","637":"J","638":",","639":"C","640":"A","641":"A","642":"C","643":",","644":"C","645":"A","646":"A","647":"C","648":",","649":"O","650":"A","651":"A","652":"O","653":";","654":"Q","655":"A","656":"A","657":"E","658":";","659":"M","660":"A","661":"A","662":"O","663":",","664":"C","665":"A","666":"A","667":"C","668":",","669":"E","670":"A","671":"A","672":"E","673":";","674":"Q","675":"A","676":"C","677":"j","678":"B","679":",","680":"I","681":"A","682":"A","683":"I","684":",","685":"M","686":"A","687":"A","688":"M","689":",","690":"K","691":"A","692":"A","693":"K","694":",","695":"G","696":"A","697":"A","698":"G","699":",","700":"E","701":"A","702":"A","703":"E","704":";","705":"U","706":"A","707":"C","708":"h","709":"B","710":",","711":"K","712":"A","713":"A","714":"K","715":",","716":"C","717":"A","718":"A","719":"C","720":",","721":"Y","722":"A","723":"A","724":"Y","725":",","726":"C","727":"A","728":"A","729":"C","730":";","731":"Q","732":"A","733":"C","734":"v","735":"B","736":";","737":"M","738":"A","739":"C","740":"J","741":";","742":"I","743":"A","744":"C","745":"J","746":";","747":"E","748":"A","749":"C","750":"J","751":";","752":"A","753":"A","754":"C","755":"J","756":",","757":"C","758":"A","759":"A","760":"C","761":";","762":"A","763":"A","764":"A","765":"A","766":";","767":"A","768":"A","769":"A","770":"A","771":"\"","772":",","773":"\"","774":"f","775":"i","776":"l","777":"e","778":"\"","779":":","780":"\"","781":"D","782":":","783":"\\","784":"\\","785":"Y","786":"o","787":"u","788":"M","789":"e","790":"\\","791":"\\","792":"H","793":"a","794":"e","795":"n","796":"a","797":"m","798":"\\","799":"\\","800":"H","801":"a","802":"e","803":"n","804":"a","805":"m","806":"\\","807":"\\","808":"c","809":"l","810":"i","811":"e","812":"n","813":"t","814":"\\","815":"\\","816":"s","817":"r","818":"c","819":"\\","820":"\\","821":"c","822":"o","823":"m","824":"p","825":"o","826":"n","827":"e","828":"n","829":"t","830":"s","831":"\\","832":"\\","833":"a","834":"u","835":"t","836":"h","837":"\\","838":"\\","839":"R","840":"e","841":"g","842":"i","843":"s","844":"t","845":"e","846":"r","847":"F","848":"o","849":"r","850":"m","851":".","852":"v","853":"u","854":"e","855":"\"","856":",","857":"\"","858":"s","859":"o","860":"u","861":"r","862":"c","863":"e","864":"s","865":"C","866":"o","867":"n","868":"t","869":"e","870":"n","871":"t","872":"\"","873":":","874":"[","875":"\"","876":"<","877":"t","878":"e","879":"m","880":"p","881":"l","882":"a","883":"t","884":"e","885":">","886":"\\","887":"r","888":"\\","889":"n","890":" ","891":" ","892":" ","893":" ","894":"<","895":"d","896":"i","897":"v","898":" ","899":"i","900":"d","901":"=","902":"\\","903":"\"","904":"l","905":"o","906":"g","907":"i","908":"n","909":"-","910":"f","911":"o","912":"r","913":"m","914":"\\","915":"\"","916":">","917":"\\","918":"r","919":"\\","920":"n","921":" ","922":" ","923":" ","924":" ","925":" ","926":" ","927":" ","928":" ","929":"<","930":"d","931":"i","932":"v","933":" ","934":"c","935":"l","936":"a","937":"s","938":"s","939":"=","940":"\\","941":"\"","942":"l","943":"o","944":"g","945":"i","946":"n","947":"-","948":"t","949":"e","950":"x","951":"t","952":"\\","953":"\"","954":">","955":"\\","956":"r","957":"\\","958":"n","959":" ","960":" ","961":" ","962":" ","963":" ","964":" ","965":" ","966":" ","967":" ","968":" ","969":" ","970":" ","971":"<","972":"l","973":"a","974":"b","975":"e","976":"l","977":" ","978":"f","979":"o","980":"r","981":"=","982":"\\","983":"\"","984":"i","985":"d","986":"\\","987":"\"","988":">","989":"아","990":"이","991":"디","992":"<","993":"/","994":"l","995":"a","996":"b","997":"e","998":"l","999":">","1000":"\\","1001":"r","1002":"\\","1003":"n","1004":" ","1005":" ","1006":" ","1007":" ","1008":" ","1009":" ","1010":" ","1011":" ","1012":" ","1013":" ","1014":" ","1015":" ","1016":"<","1017":"i","1018":"n","1019":"p","1020":"u","1021":"t","1022":" ","1023":"t","1024":"y","1025":"p","1026":"e","1027":"=","1028":"\\","1029":"\"","1030":"t","1031":"e","1032":"x","1033":"t","1034":"\\","1035":"\"","1036":" ","1037":"i","1038":"d","1039":"=","1040":"\\","1041":"\"","1042":"i","1043":"d","1044":"\\","1045":"\"","1046":" ","1047":"v","1048":"-","1049":"m","1050":"o","1051":"d","1052":"e","1053":"l","1054":"=","1055":"\\","1056":"\"","1057":"i","1058":"d","1059":"\\","1060":"\"","1061":" ","1062":"/","1063":">","1064":"\\","1065":"r","1066":"\\","1067":"n","1068":" ","1069":" ","1070":" ","1071":" ","1072":" ","1073":" ","1074":" ","1075":" ","1076":"<","1077":"/","1078":"d","1079":"i","1080":"v","1081":">","1082":"\\","1083":"r","1084":"\\","1085":"n","1086":" ","1087":" ","1088":" ","1089":" ","1090":" ","1091":" ","1092":" ","1093":" ","1094":"<","1095":"d","1096":"i","1097":"v","1098":" ","1099":"c","1100":"l","1101":"a","1102":"s","1103":"s","1104":"=","1105":"\\","1106":"\"","1107":"l","1108":"o","1109":"g","1110":"i","1111":"n","1112":"-","1113":"t","1114":"e","1115":"x","1116":"t","1117":"\\","1118":"\"","1119":">","1120":"\\","1121":"r","1122":"\\","1123":"n","1124":" ","1125":" ","1126":" ","1127":" ","1128":" ","1129":" ","1130":" ","1131":" ","1132":" ","1133":" ","1134":" ","1135":" ","1136":"<","1137":"l","1138":"a","1139":"b","1140":"e","1141":"l","1142":" ","1143":"f","1144":"o","1145":"r","1146":"=","1147":"\\","1148":"\"","1149":"p","1150":"w","1151":"\\","1152":"\"","1153":">","1154":"비","1155":"밀","1156":"번","1157":"호","1158":"<","1159":"/","1160":"l","1161":"a","1162":"b","1163":"e","1164":"l","1165":">","1166":"\\","1167":"r","1168":"\\","1169":"n","1170":" ","1171":" ","1172":" ","1173":" ","1174":" ","1175":" ","1176":" ","1177":" ","1178":" ","1179":" ","1180":" ","1181":" ","1182":"<","1183":"i","1184":"n","1185":"p","1186":"u","1187":"t","1188":" ","1189":"t","1190":"y","1191":"p","1192":"e","1193":"=","1194":"\\","1195":"\"","1196":"p","1197":"a","1198":"s","1199":"s","1200":"w","1201":"o","1202":"r","1203":"d","1204":"\\","1205":"\"","1206":" ","1207":"i","1208":"d","1209":"=","1210":"\\","1211":"\"","1212":"p","1213":"w","1214":"\\","1215":"\"","1216":" ","1217":"v","1218":"-","1219":"m","1220":"o","1221":"d","1222":"e","1223":"l","1224":"=","1225":"\\","1226":"\"","1227":"p","1228":"w","1229":"\\","1230":"\"","1231":" ","1232":"/","1233":">","1234":"\\","1235":"r","1236":"\\","1237":"n","1238":" ","1239":" ","1240":" ","1241":" ","1242":" ","1243":" ","1244":" ","1245":" ","1246":"<","1247":"/","1248":"d","1249":"i","1250":"v","1251":">","1252":"\\","1253":"r","1254":"\\","1255":"n","1256":" ","1257":" ","1258":" ","1259":" ","1260":" ","1261":" ","1262":" ","1263":" ","1264":"<","1265":"b","1266":"u","1267":"t","1268":"t","1269":"o","1270":"n","1271":" ","1272":"@","1273":"c","1274":"l","1275":"i","1276":"c","1277":"k","1278":"=","1279":"\\","1280":"\"","1281":"r","1282":"e","1283":"g","1284":"i","1285":"s","1286":"t","1287":"e","1288":"r","1289":"\\","1290":"\"","1291":">","1292":"회","1293":"원","1294":"가","1295":"입","1296":"<","1297":"/","1298":"b","1299":"u","1300":"t","1301":"t","1302":"o","1303":"n","1304":">","1305":"\\","1306":"r","1307":"\\","1308":"n","1309":" ","1310":" ","1311":" ","1312":" ","1313":"<","1314":"/","1315":"d","1316":"i","1317":"v","1318":">","1319":"\\","1320":"r","1321":"\\","1322":"n","1323":"<","1324":"/","1325":"t","1326":"e","1327":"m","1328":"p","1329":"l","1330":"a","1331":"t","1332":"e","1333":">","1334":"\\","1335":"r","1336":"\\","1337":"n","1338":"\\","1339":"r","1340":"\\","1341":"n","1342":"<","1343":"s","1344":"c","1345":"r","1346":"i","1347":"p","1348":"t","1349":">","1350":"\\","1351":"r","1352":"\\","1353":"n","1354":"i","1355":"m","1356":"p","1357":"o","1358":"r","1359":"t","1360":" ","1361":"{","1362":" ","1363":"m","1364":"a","1365":"p","1366":"M","1367":"u","1368":"t","1369":"a","1370":"t","1371":"i","1372":"o","1373":"n","1374":"s","1375":" ","1376":"}","1377":" ","1378":"f","1379":"r","1380":"o","1381":"m","1382":" ","1383":"\\","1384":"\"","1385":"v","1386":"u","1387":"e","1388":"x","1389":"\\","1390":"\"","1391":";","1392":"\\","1393":"r","1394":"\\","1395":"n","1396":"i","1397":"m","1398":"p","1399":"o","1400":"r","1401":"t","1402":" ","1403":"a","1404":"u","1405":"t","1406":"h","1407":" ","1408":"f","1409":"r","1410":"o","1411":"m","1412":" ","1413":"\\","1414":"\"","1415":"@","1416":"/","1417":"a","1418":"p","1419":"i","1420":"/","1421":"a","1422":"u","1423":"t","1424":"h","1425":".","1426":"j","1427":"s","1428":"\\","1429":"\"","1430":";","1431":"\\","1432":"r","1433":"\\","1434":"n","1435":"e","1436":"x","1437":"p","1438":"o","1439":"r","1440":"t","1441":" ","1442":"d","1443":"e","1444":"f","1445":"a","1446":"u","1447":"l","1448":"t","1449":" ","1450":"{","1451":"\\","1452":"r","1453":"\\","1454":"n","1455":" ","1456":" ","1457":" ","1458":" ","1459":"d","1460":"a","1461":"t","1462":"a","1463":"(","1464":")","1465":" ","1466":"{","1467":"\\","1468":"r","1469":"\\","1470":"n","1471":" ","1472":" ","1473":" ","1474":" ","1475":" ","1476":" ","1477":" ","1478":" ","1479":"r","1480":"e","1481":"t","1482":"u","1483":"r","1484":"n","1485":" ","1486":"{","1487":"\\","1488":"r","1489":"\\","1490":"n","1491":" ","1492":" ","1493":" ","1494":" ","1495":" ","1496":" ","1497":" ","1498":" ","1499":" ","1500":" ","1501":" ","1502":" ","1503":"i","1504":"d","1505":":","1506":" ","1507":"\\","1508":"\"","1509":"\\","1510":"\"","1511":",","1512":"\\","1513":"r","1514":"\\","1515":"n","1516":" ","1517":" ","1518":" ","1519":" ","1520":" ","1521":" ","1522":" ","1523":" ","1524":" ","1525":" ","1526":" ","1527":" ","1528":"p","1529":"w","1530":":","1531":" ","1532":"\\","1533":"\"","1534":"\\","1535":"\"","1536":",","1537":"\\","1538":"r","1539":"\\","1540":"n","1541":" ","1542":" ","1543":" ","1544":" ","1545":" ","1546":" ","1547":" ","1548":" ","1549":"}","1550":";","1551":"\\","1552":"r","1553":"\\","1554":"n","1555":" ","1556":" ","1557":" ","1558":" ","1559":"}","1560":",","1561":"\\","1562":"r","1563":"\\","1564":"n","1565":" ","1566":" ","1567":" ","1568":" ","1569":"m","1570":"e","1571":"t","1572":"h","1573":"o","1574":"d","1575":"s","1576":":","1577":" ","1578":"{","1579":"\\","1580":"r","1581":"\\","1582":"n","1583":" ","1584":" ","1585":" ","1586":" ","1587":" ","1588":" ","1589":" ","1590":" ","1591":".","1592":".","1593":".","1594":"m","1595":"a","1596":"p","1597":"M","1598":"u","1599":"t","1600":"a","1601":"t","1602":"i","1603":"o","1604":"n","1605":"s","1606":"(","1607":"[","1608":"\\","1609":"\"","1610":"S","1611":"E","1612":"T","1613":"_","1614":"U","1615":"S","1616":"E","1617":"R","1618":"_","1619":"I","1620":"D","1621":"\\","1622":"\"","1623":"]","1624":")","1625":",","1626":"\\","1627":"r","1628":"\\","1629":"n","1630":" ","1631":" ","1632":" ","1633":" ","1634":" ","1635":" ","1636":" ","1637":" ","1638":"a","1639":"s","1640":"y","1641":"n","1642":"c","1643":" ","1644":"r","1645":"e","1646":"g","1647":"i","1648":"s","1649":"t","1650":"e","1651":"r","1652":"(","1653":")","1654":" ","1655":"{","1656":"\\","1657":"r","1658":"\\","1659":"n","1660":" ","1661":" ","1662":" ","1663":" ","1664":" ","1665":" ","1666":" ","1667":" ","1668":" ","1669":" ","1670":" ","1671":" ","1672":"t","1673":"r","1674":"y","1675":" ","1676":"{","1677":"\\","1678":"r","1679":"\\","1680":"n","1681":" ","1682":" ","1683":" ","1684":" ","1685":" ","1686":" ","1687":" ","1688":" ","1689":" ","1690":" ","1691":" ","1692":" ","1693":" ","1694":" ","1695":" ","1696":" ","1697":"c","1698":"o","1699":"n","1700":"s","1701":"t","1702":" ","1703":"{","1704":" ","1705":"s","1706":"t","1707":"a","1708":"t","1709":"u","1710":"s","1711":" ","1712":"}","1713":" ","1714":"=","1715":" ","1716":"a","1717":"w","1718":"a","1719":"i","1720":"t","1721":" ","1722":"a","1723":"u","1724":"t","1725":"h","1726":".","1727":"r","1728":"e","1729":"g","1730":"i","1731":"s","1732":"t","1733":"e","1734":"r","1735":"(","1736":"{","1737":"\\","1738":"r","1739":"\\","1740":"n","1741":" ","1742":" ","1743":" ","1744":" ","1745":" ","1746":" ","1747":" ","1748":" ","1749":" ","1750":" ","1751":" ","1752":" ","1753":" ","1754":" ","1755":" ","1756":" ","1757":" ","1758":" ","1759":" ","1760":" ","1761":"i","1762":"d","1763":":","1764":" ","1765":"t","1766":"h","1767":"i","1768":"s","1769":".","1770":"i","1771":"d","1772":",","1773":"\\","1774":"r","1775":"\\","1776":"n","1777":" ","1778":" ","1779":" ","1780":" ","1781":" ","1782":" ","1783":" ","1784":" ","1785":" ","1786":" ","1787":" ","1788":" ","1789":" ","1790":" ","1791":" ","1792":" ","1793":" ","1794":" ","1795":" ","1796":" ","1797":"p","1798":"w","1799":":","1800":" ","1801":"t","1802":"h","1803":"i","1804":"s","1805":".","1806":"p","1807":"w","1808":",","1809":"\\","1810":"r","1811":"\\","1812":"n","1813":" ","1814":" ","1815":" ","1816":" ","1817":" ","1818":" ","1819":" ","1820":" ","1821":" ","1822":" ","1823":" ","1824":" ","1825":" ","1826":" ","1827":" ","1828":" ","1829":"}","1830":")","1831":";","1832":"\\","1833":"r","1834":"\\","1835":"n","1836":" ","1837":" ","1838":" ","1839":" ","1840":" ","1841":" ","1842":" ","1843":" ","1844":" ","1845":" ","1846":" ","
[...]
:"e","1966":"d","1967":"I","1968":"n","1969":"d","1970":"e","1971":"x","1972":":","1973":" ","1974":"0","1975":",","1976":"\\","1977":"r","1978":"\\","1979":"n","1980":" ","1981":" ","1982":" ","1983":" ","1984":" ","1985":" ","1986":" ","1987":" ","1988":"}","1989":";","1990":"\\","1991":"r","1992":"\\","1993":"n","1994":" ","1995":" ","1996":" ","1997":" ","1998":"}","1999":",","2000":"\\","2001":"r","2002":"\\","2003":"n","2004":" ","2005":" ","2006":" ","2007":" ","2008":"c","2009":"o","2010":"m","2011":"p","2012":"u","2013":"t","2014":"e","2015":"d","2016":":","2017":" ","2018":"{","2019":"\\","2020":"r","2021":"\\","2022":"n","2023":" ","2024":" ","2025":" ","2026":" ","2027":" ","2028":" ","2029":" ","2030":" ","2031":"i","2032":"s","2033":"F","2034":"o","2035":"r","2036":"m","2037":"S","2038":"e","2039":"l","2040":"e","2041":"c","2042":"t","2043":"e","2044":"d","2045":"(","2046":")","2047":" ","2048":"{","2049":"\\","2050":"r","2051":"\\","2052":"n","2053":" ","2054":" ","2055":" ","2056":" ","2057":" ","2058":" ","2059":" ","2060":" ","2061":" ","2062":" ","2063":" ","2064":" ","2065":"r","2066":"e","2067":"t","2068":"u","2069":"r","2070":"n","2071":" ","2072":"(","2073":"i","2074":"n","2075":"d","2076":"e","2077":"x","2078":")","2079":" ","2080":"=","2081":">","2082":" ","2083":"i","2084":"n","2085":"d","2086":"e","2087":"x","2088":" ","2089":"=","2090":"=","2091":"=","2092":" ","2093":"t","2094":"h","2095":"i","2096":"s","2097":".","2098":"s","2099":"e","2100":"l","2101":"e","2102":"c","2103":"t","2104":"e","2105":"d","2106":"I","2107":"n","2108":"d","2109":"e","2110":"x","2111":";","2112":"\\","2113":"r","2114":"\\","2115":"n","2116":" ","2117":" ","2118":" ","2119":" ","2120":" ","2121":" ","2122":" ","2123":" ","2124":"}","2125":",","2126":"\\","2127":"r","2128":"\\","2129":"n","2130":" ","2131":" ","2132":" ","2133":" ","2134":"}","2135":",","2136":"\\","2137":"r","2138":"\\","2139":"n","2140":" ","2141":" ","2142":" ","2143":" ","2144":"m","2145":"e","2146":"t","2147":"h","2148":"o","2149":"d","2150":"s","2151":":","2152":" ","2153":"{","2154":"\\","2155":"r","2156":"\\","2157":"n","2158":" ","2159":" ","2160":" ","2161":" ","2162":" ","2163":" ","2164":" ","2165":" ","2166":"s","2167":"e","2168":"l","2169":"e","2170":"c","2171":"t","2172":"F","2173":"o","2174":"r","2175":"m","2176":"(","2177":"i","2178":"n","2179":"d","2180":"e","2181":"x","2182":")","2183":" ","2184":"{","2185":"\\","2186":"r","2187":"\\","2188":"n","2189":" ","2190":" ","2191":" ","2192":" ","2193":" ","2194":" ","2195":" ","2196":" ","2197":" ","2198":" ","2199":" ","2200":" ","2201":"t","2202":"h","2203":"i","2204":"s","2205":".","2206":"s","2207":"e","2208":"l","2209":"e","2210":"c","2211":"t","2212":"e","2213":"d","2214":"I","2215":"n","2216":"d","2217":"e","2218":"x","2219":" ","2220":"=","2221":" ","2222":"i","2223":"n","2224":"d","2225":"e","2226":"x","2227":";","2228":"\\","2229":"r","2230":"\\","2231":"n","2232":" ","2233":" ","2234":" ","2235":" ","2236":" ","2237":" ","2238":" ","2239":" ","2240":"}","2241":",","2242":"\\","2243":"r","2244":"\\","2245":"n","2246":" ","2247":" ","2248":" ","2249":" ","2250":"}","2251":",","2252":"\\","2253":"r","2254":"\\","2255":"n","2256":"}","2257":";","2258":"\\","2259":"r","2260":"\\","2261":"n","2262":"<","2263":"/","2264":"s","2265":"c","2266":"r","2267":"i","2268":"p","2269":"t","2270":">","2271":"\\","2272":"r","2273":"\\","2274":"n","2275":"\\","2276":"r","2277":"\\","2278":"n","2279":"<","2280":"s","2281":"t","2282":"y","2283":"l","2284":"e","2285":" ","2286":"s","2287":"c","2288":"o","2289":"p","2290":"e","2291":"d","2292":">","2293":"<","2294":"/","2295":"s","2296":"t","2297":"y","2298":"l","2299":"e","2300":">","2301":"\\","2302":"r","2303":"\\","2304":"n","2305":"\"","2306":"]","2307":"}"},"_coverageSchema":"1a1c01bbd47fc00a2c39e90264f33305004495a9","hash":"cb47d86eba26baa184d9699803f80b523ed94079"}
,"D:\\YouMe\\Haenam\\Haenam\\client\\src\\views\\MainView.vue": {"path":"D:\\YouMe\\Haenam\\Haenam\\client\\src\\views\\MainView.vue","statementMap":{"0":{"start":{"line":13,"column":6},"end":{"line":13,"column":27}},"1":{"start":{"line":14,"column":6},"end":{"line":14,"column":29}},"2":{"start":{"line":15,"column":6},"end":{"line":15,"column":33}},"3":{"start":{"line":19,"column":0},"end":{"line":19,"column":13}},"4":{"start":{"line":21,"column":0},"end":{"line":23,"column":3}},"5":{"start":{"line":24,"column":0},"end":{"line":24,"column":24}},"6":{"start":{"line":25,"column":11},"end":{"line":25,"column":25}},"7":{"start":{"line":26,"column":19},"end":{"line":29,"column":1}},"8":{"start":{"line":30,"column":32},"end":{"line":32,"column":26}},"9":{"start":{"line":35,"column":33},"end":{"line":35,"column":74}},"10":{"start":{"line":36,"column":35},"end":{"line":36,"column":78}},"11":{"start":{"line":37,"column":31},"end":{"line":37,"column":70}},"12":{"start":{"line":38,"column":2},"end":{"line":41,"column":139}},"13":{"start":{"line":42,"column":2},"end":{"line":42,"column":49}}},"fnMap":{"0":{"name":"(anonymous_0)","decl":{"start":{"line":12,"column":4},"end":{"line":12,"column":5}},"loc":{"start":{"line":12,"column":13},"end":{"line":16,"column":5}},"line":12},"1":{"name":"render","decl":{"start":{"line":34,"column":9},"end":{"line":34,"column":15}},"loc":{"start":{"line":34,"column":30},"end":{"line":42,"column":1}},"line":34}},"branchMap":{},"s":{"0":0,"1":0,"2":0,"3":0,"4":0,"5":0,"6":0,"7":0,"8":0,"9":0,"10":0,"11":0,"12":0,"13":0},"f":{"0":0,"1":0},"b":{},"inputSourceMap":{"0":"{","1":"\"","2":"v","3":"e","4":"r","5":"s","6":"i","7":"o","8":"n","9":"\"","10":":","11":"3","12":",","13":"\"","14":"s","15":"o","16":"u","17":"r","18":"c","19":"e","20":"s","21":"\"","22":":","23":"[","24":"\"","25":"D","26":":","27":"\\","28":"\\","29":"Y","30":"o","31":"u","32":"M","33":"e","34":"\\","35":"\\","36":"H","37":"a","38":"e","39":"n","40":"a","41":"m","42":"\\","43":"\\","44":"H","45":"a","46":"e","47":"n","48":"a","49":"m","50":"\\","51":"\\","52":"c","53":"l","54":"i","55":"e","56":"n","57":"t","58":"\\","59":"\\","60":"s","61":"r","62":"c","63":"\\","64":"\\","65":"v","66":"i","67":"e","68":"w","69":"s","70":"\\","71":"\\","72":"M","73":"a","74":"i","75":"n","76":"V","77":"i","78":"e","79":"w","80":".","81":"v","82":"u","83":"e","84":"\"","85":"]","86":",","87":"\"","88":"n","89":"a","90":"m","91":"e","92":"s","93":"\"","94":":","95":"[","96":"]","97":",","98":"\"","99":"m","100":"a","101":"p","102":"p","103":"i","104":"n","105":"g","106":"s","107":"\"","108":":","109":"\"","110":"A","111":"A","112":"Y","113":"A","114":",","115":"O","116":"A","117":"A","118":"O","119":",","120":"Q","121":"A","122":"A","123":"Q","124":",","125":"M","126":"A","127":"A","128":"M","129":",","130":"g","131":"C","132":"A","133":"A","134":"g","135":"C","136":";","137":"A","138":"A","139":"C","140":"r","141":"D","142":",","143":"O","144":"A","145":"A","146":"O","147":",","148":"Y","149":"A","150":"A","151":"Y","152":",","153":"M","154":"A","155":"A","156":"M","157":",","158":"o","159":"C","160":"A","161":"A","162":"o","163":"C","164":";","165":"A","166":"A","167":"C","168":"7","169":"D","170":",","171":"O","172":"A","173":"A","174":"O","175":",","176":"U","177":"A","178":"A","179":"U","180":",","181":"M","182":"A","183":"A","184":"M","185":",","186":"k","187":"C","188":"A","189":"A","190":"k","191":"C","192":";","193":"A","194":"A","195":"C","196":"z","197":"D","198":",","199":"e","200":"A","201":"A","202":"e","203":";","204":"E","205":"A","206":"C","207":"X","208":",","209":"I","210":"A","211":"A","212":"I","213":",","214":"E","215":"A","216":"A","217":"E","218":",","219":"U","220":"A","221":"A","222":"U","223":";","224":"E","225":"A","226":"C","227":"h","228":"B","229":",","230":"U","231":"A","232":"A","233":"U","234":",","235":"E","236":"A","237":"A","238":"E","239":";","240":"I","241":"A","242":"C","243":"R","244":",","245":"Q","246":"A","247":"A","248":"Q","249":";","250":"I","251":"A","252":"C","253":"R","254":",","255":"Y","256":"A","257":"A","258":"Y","259":";","260":"I","261":"A","262":"C","263":"Z","264":";","265":"E","266":"A","267":"C","268":"J","269":",","270":"C","271":"A","272":"A","273":"C","274":";","275":"E","276":"A","277":"C","278":"D","279":",","280":"O","281":"A","282":"A","283":"O","284":",","285":"E","286":"A","287":"A","288":"E","289":";","290":"I","291":"A","292":"C","293":"L","294":",","295":"M","296":"A","297":"A","298":"M","299":",","300":"G","301":"A","302":"A","303":"G","304":";","305":"M","306":"A","307":"C","308":"L","309":",","310":"Y","311":"A","312":"A","313":"Y","314":",","315":"C","316":"A","317":"A","318":"C","319":",","320":"K","321":"A","322":"A","323":"K","324":",","325":"C","326":"A","327":"A","328":"C","329":",","330":"C","331":"A","332":"A","333":"C","334":";","335":"M","336":"A","337":"C","338":"p","339":"B","340":",","341":"c","342":"A","343":"A","344":"c","345":",","346":"C","347":"A","348":"A","349":"C","350":",","351":"K","352":"A","353":"A","354":"K","355":",","356":"C","357":"A","358":"A","359":"C","360":",","361":"C","362":"A","363":"A","364":"C","365":";","366":"M","367":"A","368":"C","369":"t","370":"B","371":",","372":"I","373":"A","374":"A","375":"I","376":",","377":"C","378":"A","379":"A","380":"C","381":",","382":"O","383":"A","384":"A","385":"O","386":",","387":"C","388":"A","389":"A","390":"C","391":",","392":"I","393":"A","394":"A","395":"I","396":",","397":"C","398":"A","399":"A","400":"C","401":",","402":"O","403":"A","404":"A","405":"O","406":",","407":"C","408":"A","409":"A","410":"C","411":";","412":"I","413":"A","414":"C","415":"9","416":"B","417":";","418":"E","419":"A","420":"C","421":"J","422":";","423":"A","424":"A","425":"C","426":"J","427":",","428":"C","429":"A","430":"A","431":"C","432":"\"","433":",","434":"\"","435":"f","436":"i","437":"l","438":"e","439":"\"","440":":","441":"\"","442":"D","443":":","444":"\\","445":"\\","446":"Y","447":"o","448":"u","449":"M","450":"e","451":"\\","452":"\\","453":"H","454":"a","455":"e","456":"n","457":"a","458":"m","459":"\\","460":"\\","461":"H","462":"a","463":"e","464":"n","465":"a","466":"m","467":"\\","468":"\\","469":"c","470":"l","471":"i","472":"e","473":"n","474":"t","475":"\\","476":"\\","477":"s","478":"r","479":"c","480":"\\","481":"\\","482":"v","483":"i","484":"e","485":"w","486":"s","487":"\\","488":"\\","489":"M","490":"a","491":"i","492":"n","493":"V","494":"i","495":"e","496":"w","497":".","498":"v","499":"u","500":"e","501":"\"","502":",","503":"\"","504":"s","505":"o","506":"u","507":"r","508":"c","509":"e","510":"s","511":"C","512":"o","513":"n","514":"t","515":"e","516":"n","517":"t","518":"\"","519":":","520":"[","521":"\"","522":"<","523":"t","524":"e","525":"m","526":"p","527":"l","528":"a","529":"t","530":"e","531":">","532":"\\","533":"r","534":"\\","535":"n","536":" ","537":" ","538":" ","539":" ","540":"<","541":"d","542":"i","543":"v","544":" ","545":"i","546":"d","547":"=","548":"\\","549":"\"","550":"m","551":"a","552":"i","553":"n","554":"\\","555":"\"","556":" ","557":"c","558":"l","559":"a","560":"s","561":"s","562":"=","563":"\\","564":"\"","565":"b","566":"o","567":"x","568":"\\","569":"\"","570":">","571":"\\","572":"r","573":"\\","574":"n","575":" ","576":" ","577":" ","578":" ","579":" ","580":" ","581":" ","582":" ","583":"<","584":"h","585":"e","586":"a","587":"d","588":"e","589":"r","590":">","591":"\\","592":"r","593":"\\","594":"n","595":" ","596":" ","597":" ","598":" ","599":" ","600":" ","601":" ","602":" ","603":" ","604":" ","605":" ","606":" ","607":"<","608":"h","609":"1","610":" ","611":"i","612":"d","613":"=","614":"\\","615":"\"","616":"l","617":"o","618":"g","619":"o","620":"\\","621":"\"","622":">","623":"해","624":"냄","625":"<","626":"/","627":"h","628":"1","629":">","630":"\\","631":"r","632":"\\","633":"n","634":" ","635":" ","636":" ","637":" ","638":" ","639":" ","640":" ","641":" ","642":" ","643":" ","644":" ","645":" ","646":"<","647":"b","648":"a","649":"s","650":"e","651":"-","652":"b","653":"u","654":"t","655":"t","656":"o","657":"n","658":" ","659":"n","660":"a","661":"m","662":"e","663":"=","664":"\\","665":"\"","666":"l","667":"o","668":"g","669":"o","670":"u","671":"t","672":"\\","673":"\"","674":" ","675":"@","676":"o","677":"n","678":"C","679":"l","680":"i","681":"c","682":"k","683":"=","684":"\\","685":"\"","686":"l","687":"o","688":"g","689":"o","690":"u","691":"t","692":"\\","693":"\"","694":">","695":"<","696":"/","697":"b","698":"a","699":"s","700":"e","701":"-","702":"b","703":"u","704":"t","705":"t","706":"o","707":"n","708":">","709":"\\","710":"r","711":"\\","712":"n","713":" ","714":" ","715":" ","716":" ","717":" ","718":" ","719":" ","720":" ","721":"<","722":"/","723":"h","724":"e","725":"a","726":"d","727":"e","728":"r","729":">","730":"\\","731":"r","732":"\\","733":"n","734":" ","735":" ","736":" ","737":" ","738":" ","739":" ","740":" ","741":" ","742":"<","743":"m","744":"a","745":"i","746":"n","747":"-","748":"c","749":"a","750":"l","751":"e","752":"n","753":"d","754":"a","755":"r","756":">","757":"<","758":"/","759":"m","760":"a","761":"i","762":"n","763":"-","764":"c","765":"a","766":"l","767":"e","768":"n","769":"d","770":"a","771":"r","772":">","773":"\\","774":"r","775":"\\","776":"n","777":" ","778":" ","779":" ","780":" ","781":" ","782":" ","783":" ","784":" ","785":"<","786":"m","787":"a","788":"i","789":"n","790":"-","791":"l","792":"i","793":"s","794":"t","795":">","796":"<","797":"/","798":"m","799":"a","800":"i","801":"n","802":"-","803":"l","804":"i","805":"s","806":"t","807":">","808":"\\","809":"r","810":"\\","811":"n","812":" ","813":" ","814":" ","815":" ","816":"<","817":"/","818":"d","819":"i","820":"v","821":">","822":"\\","823":"r","824":"\\","825":"n","826":"<","827":"/","828":"t","829":"e","830":"m","831":"p","832":"l","833":"a","834":"t","835":"e","836":">","837":"\\","838":"r","839":"\\","840":"n","841":"\\","842":"r","843":"\\","844":"n","845":"<","846":"s","847":"c","848":"r","849":"i","850":"p","851":"t","852":">","853":"\\","854":"r","855":"\\","856":"n","857":"i","858":"m","859":"p","860":"o","861":"r","862":"t","863":" ","864":"M","865":"a","866":"i","867":"n","868":"L","869":"i","870":"s","871":"t","872":" ","873":"f","874":"r","875":"o","876":"m","877":" ","878":"\\","879":"\"","880":"@","881":"/","882":"c","883":"o","884":"m","885":"p","886":"o","887":"n","888":"e","889":"n","890":"t","891":"s","892":"/","893":"m","894":"a","895":"i","896":"n","897":"/","898":"M","899":"a","900":"i","901":"n","902":"L","903":"i","904":"s","905":"t","906":".","907":"v","908":"u","909":"e","910":"\\","911":"\"","912":";","913":"\\","914":"r","915":"\\","916":"n","917":"i","918":"m","919":"p","920":"o","921":"r","922":"t","923":" ","924":"M","925":"a","926":"i","927":"n","928":"C","929":"a","930":"l","931":"e","932":"n","933":"d","934":"a","935":"r","936":" ","937":"f","938":"r","939":"o","940":"m","941":" ","942":"\\","943":"\"","944":"@","945":"/","946":"c","947":"o","948":"m","949":"p","950":"o","951":"n","952":"e","953":"n","954":"t","955":"s","956":"/","957":"m","958":"a","959":"i","960":"n","961":"/","962":"M","963":"a","964":"i","965":"n","966":"C","967":"a","968":"l","969":"e","970":"n","971":"d","972":"a","973":"r","974":".","975":"v","976":"u","977":"e","978":"\\","979":"\"","980":";","981":"\\","982":"r","983":"\\","984":"n","985":"i","986":"m","987":"p","988":"o","989":"r","990":"t","991":" ","992":"B","993":"a","994":"s","995":"e","996":"B","997":"u","998":"t","999":"t","1000":"o","1001":"n","1002":" ","1003":"f","1004":"r","1005":"o","1006":"m","1007":" ","1008":"\\","1009":"\"","1010":"@","1011":"/","1012":"c","1013":"o","1014":"m","1015":"p","1016":"o","1017":"n","1018":"e","1019":"n","1020":"t","1021":"s","1022":"/","1023":"b","1024":"a","1025":"s","1026":"e","1027":"/","1028":"B","1029":"a","1030":"s","1031":"e","1032":"B","1033":"u","1034":"t","1035":"t","1036":"o","1037":"n","1038":".","1039":"v","1040":"u","1041":"e","1042":"\\","1043":"\"","1044":";","1045":"\\","1046":"r","1047":"\\","1048":"n","1049":"e","1050":"x","1051":"p","1052":"o","1053":"r","1054":"t","1055":" ","1056":"d","1057":"e","1058":"f","1059":"a","1060":"u","1061":"l","1062":"t","1063":" ","1064":"{","1065":"\\","1066":"r","1067":"\\","1068":"n","1069":" ","1070":" ","1071":" ","1072":" ","1073":"n","1074":"a","1075":"m","1076":"e","1077":":","1078":" ","1079":"\\","1080":"\"","1081":"M","1082":"a","1083":"i","1084":"n","1085":"V","1086":"i","1087":"e","1088":"w","1089":"\\","1090":"\"","1091":",","1092":"\\","1093":"r","1094":"\\","1095":"n","1096":" ","1097":" ","1098":" ","1099":" ","1100":"c","1101":"o","1102":"m","1103":"p","1104":"o","1105":"n","1106":"e","1107":"n","1108":"t","1109":"s","1110":":","1111":" ","1112":"{","1113":"\\","1114":"r","1115":"\\","1116":"n","1117":" ","1118":" ","1119":" ","1120":" ","1121":" ","1122":" ","1123":" ","1124":" ","1125":"M","1126":"a","1127":"i","1128":"n","1129":"L","1130":"i","1131":"s","1132":"t","1133":",","1134":"\\","1135":"r","1136":"\\","1137":"n","1138":" ","1139":" ","1140":" ","1141":" ","1142":" ","1143":" ","1144":" ","1145":" ","1146":"M","1147":"a","1148":"i","1149":"n","1150":"C","1151":"a","1152":"l","1153":"e","1154":"n","1155":"d","1156":"a","1157":"r","1158":",","1159":"\\","1160":"r","1161":"\\","1162":"n","1163":" ","1164":" ","1165":" ","1166":" ","1167":" ","1168":" ","1169":" ","1170":" ","1171":"B","1172":"a","1173":"s","1174":"e","1175":"B","1176":"u","1177":"t","1178":"t","1179":"o","1180":"n","1181":",","1182":"\\","1183":"r","1184":"\\","1185":"n","1186":" ","1187":" ","1188":" ","1189":" ","1190":"}","1191":",","1192":"\\","1193":"r","1194":"\\","1195":"n","1196":" ","1197":" ","1198":" ","1199":" ","1200":"m","1201":"e","1202":"t","1203":"h","1204":"o","1205":"d","1206":"s","1207":":","1208":" ","1209":"{","1210":"\\","1211":"r","1212":"\\","1213":"n","1214":" ","1215":" ","1216":" ","1217":" ","1218":" ","1219":" ","1220":" ","1221":" ","1222":"l","1223":"o","1224":"g","1225":"o","1226":"u","1227":"t","1228":"(","1229":")","1230":" ","1231":"{","1232":"\\","1233":"r","1234":"\\","1235":"n","1236":" ","1237":" ","1238":" ","1239":" ","1240":" ","1241":" ","1242":" ","1243":" ","1244":" ","1245":" ","1246":" ","1247":" ","1248":"l","1249":"o","1250":"c","1251":"a","1252":"l","1253":"S","1254":"t","1255":"o","1256":"r","1257":"a","1258":"g","1259":"e","1260":".","1261":"c","1262":"l","1263":"e","1264":"a","1265":"r","1266":"(","1267":")","1268":";","1269":"\\","1270":"r","1271":"\\","1272":"n","1273":" ","1274":" ","1275":" ","1276":" ","1277":" ","1278":" ","1279":" ","1280":" ","1281":" ","1282":" ","1283":" ","1284":" ","1285":"s","1286":"e","1287":"s","1288":"s","1289":"i","1290":"o","1291":"n","1292":"S","1293":"t","1294":"o","1295":"r","1296":"a","1297":"g","1298":"e","1299":".","1300":"c","1301":"l","1302":"e","1303":"a","1304":"r","1305":"(","1306":")","1307":";","1308":"\\","1309":"r","1310":"\\","1311":"n","1312":" ","1313":" ","1314":" ","1315":" ","1316":" ","1317":" ","1318":" ","1319":" ","1320":" ","1321":" ","1322":" ","1323":" ","1324":"t","1325":"h","1326":"i","1327":"s","1328":".","1329":"$","1330":"r","1331":"o","1332":"u","1333":"t","1334":"e","1335":"r","1336":".","1337":"p","1338":"u","1339":"s","1340":"h","1341":"(","1342":"\\","1343":"\"","1344":"/","1345":"a","1346":"u","1347":"t","1348":"h","1349":"\\","1350":"\"","1351":")","1352":";","1353":"\\","1354":"r","1355":"\\","1356":"n","1357":" ","1358":" ","1359":" ","1360":" ","1361":" ","1362":" ","1363":" ","1364":" ","1365":"}","1366":",","1367":"\\","1368":"r","1369":"\\","1370":"n","1371":" ","1372":" ","1373":" ","1374":" ","1375":"}","1376":",","1377":"\\","1378":"r","1379":"\\","1380":"n","1381":"}","1382":";","1383":"\\","1384":"r","1385":"\\","1386":"n","1387":"<","1388":"/","1389":"s","1390":"c","1391":"r","1392":"i","1393":"p","1394":"t","1395":">","1396":"\\","1397":"r","1398":"\\","1399":"n","1400":"\"","1401":"]","1402":"}"}}
}
